<?xml version="1.0" encoding="utf-8"?>
<CoverageSession xmlns:xsd="http://www.w3.org/2001/XMLSchema" xmlns:xsi="http://www.w3.org/2001/XMLSchema-instance" Version="0.0.0.0">
  <Summary numSequencePoints="278" visitedSequencePoints="0" numBranchPoints="0" visitedBranchPoints="0" sequenceCoverage="0.0" branchCoverage="0.0" maxCyclomaticComplexity="0" minCyclomaticComplexity="0" maxCrapScore="0" minCrapScore="0" visitedClasses="0" numClasses="14" visitedMethods="0" numMethods="48" />
  <Modules>
    <Module>
      <Summary numSequencePoints="278" visitedSequencePoints="0" numBranchPoints="0" visitedBranchPoints="0" sequenceCoverage="0.0" branchCoverage="0.0" maxCyclomaticComplexity="0" minCyclomaticComplexity="0" maxCrapScore="0" minCrapScore="0" visitedClasses="0" numClasses="14" visitedMethods="0" numMethods="48" />
      <ModuleTime>0001-01-01T00:00:00</ModuleTime>
      <ModuleName>Scripts</ModuleName>
      <Files>
        <File uid="1" fullPath="/home/df/Development/froggy/Assets/_Project/Scripts/Controller/GameController.cs" />
        <File uid="2" fullPath="/home/df/Development/froggy/Assets/_Project/Scripts/Controller/InputController.cs" />
        <File uid="3" fullPath="/home/df/Development/froggy/Assets/_Project/Scripts/Controller/SceneLoader.cs" />
        <File uid="4" fullPath="/home/df/Development/froggy/Assets/_Project/Scripts/Model/CarModel.cs" />
        <File uid="5" fullPath="/home/df/Development/froggy/Assets/_Project/Scripts/Model/CollisionDetector.cs" />
        <File uid="6" fullPath="/home/df/Development/froggy/Assets/_Project/Scripts/Model/GameStateModel.cs" />
        <File uid="7" fullPath="/home/df/Development/froggy/Assets/_Project/Scripts/Model/LaneModel.cs" />
        <File uid="8" fullPath="/home/df/Development/froggy/Assets/_Project/Scripts/Model/PlayerModel.cs" />
        <File uid="9" fullPath="/home/df/Development/froggy/Assets/_Project/Scripts/View/CameraFollow.cs" />
        <File uid="10" fullPath="/home/df/Development/froggy/Assets/_Project/Scripts/View/CarView.cs" />
        <File uid="11" fullPath="/home/df/Development/froggy/Assets/_Project/Scripts/View/LaneView.cs" />
        <File uid="12" fullPath="/home/df/Development/froggy/Assets/_Project/Scripts/View/PlayerAudioView.cs" />
        <File uid="13" fullPath="/home/df/Development/froggy/Assets/_Project/Scripts/View/PlayerView.cs" />
      </Files>
      <Classes>
        <Class>
          <Summary numSequencePoints="62" visitedSequencePoints="0" numBranchPoints="0" visitedBranchPoints="0" sequenceCoverage="0.0" branchCoverage="0.0" maxCyclomaticComplexity="0" minCyclomaticComplexity="0" maxCrapScore="0" minCrapScore="0" visitedClasses="0" numClasses="1" visitedMethods="0" numMethods="5" />
          <FullName>GameController</FullName>
          <Methods>
            <Method visited="false" cyclomaticComplexity="0" nPathComplexity="0" sequenceCoverage="0.0" branchCoverage="0" crapScore="0" isConstructor="false" isStatic="false" isGetter="false" isSetter="false">
              <Summary numSequencePoints="22" visitedSequencePoints="0" numBranchPoints="0" visitedBranchPoints="0" sequenceCoverage="0.0" branchCoverage="0" maxCyclomaticComplexity="0" minCyclomaticComplexity="0" maxCrapScore="0" minCrapScore="0" visitedClasses="0" numClasses="0" visitedMethods="0" numMethods="1" />
              <MetadataToken>100663297</MetadataToken>
              <Name>System.Void GameController::Awake()</Name>
              <FileRef uid="1" />
              <SequencePoints>
                <SequencePoint vc="0" uspid="557" ordinal="0" offset="0" sl="23" sc="0" el="23" ec="0" bec="0" bev="0" fileid="1" />
                <SequencePoint vc="0" uspid="558" ordinal="0" offset="1" sl="24" sc="0" el="24" ec="0" bec="0" bev="0" fileid="1" />
                <SequencePoint vc="0" uspid="559" ordinal="0" offset="12" sl="25" sc="0" el="25" ec="0" bec="0" bev="0" fileid="1" />
                <SequencePoint vc="0" uspid="560" ordinal="0" offset="24" sl="26" sc="0" el="26" ec="0" bec="0" bev="0" fileid="1" />
                <SequencePoint vc="0" uspid="561" ordinal="0" offset="35" sl="27" sc="0" el="27" ec="0" bec="0" bev="0" fileid="1" />
                <SequencePoint vc="0" uspid="562" ordinal="0" offset="46" sl="29" sc="0" el="29" ec="0" bec="0" bev="0" fileid="1" />
                <SequencePoint vc="0" uspid="563" ordinal="0" offset="50" sl="29" sc="0" el="29" ec="0" bec="0" bev="0" fileid="1" />
                <SequencePoint vc="0" uspid="564" ordinal="0" offset="51" sl="30" sc="0" el="30" ec="0" bec="0" bev="0" fileid="1" />
                <SequencePoint vc="0" uspid="565" ordinal="0" offset="60" sl="31" sc="0" el="31" ec="0" bec="0" bev="0" fileid="1" />
                <SequencePoint vc="0" uspid="566" ordinal="0" offset="64" sl="32" sc="0" el="32" ec="0" bec="0" bev="0" fileid="1" />
                <SequencePoint vc="0" uspid="567" ordinal="0" offset="102" sl="33" sc="0" el="33" ec="0" bec="0" bev="0" fileid="1" />
                <SequencePoint vc="0" uspid="568" ordinal="0" offset="116" sl="34" sc="0" el="34" ec="0" bec="0" bev="0" fileid="1" />
                <SequencePoint vc="0" uspid="569" ordinal="0" offset="141" sl="35" sc="0" el="35" ec="0" bec="0" bev="0" fileid="1" />
                <SequencePoint vc="0" uspid="570" ordinal="0" offset="142" sl="29" sc="0" el="29" ec="0" bec="0" bev="0" fileid="1" />
                <SequencePoint vc="0" uspid="571" ordinal="0" offset="146" sl="29" sc="0" el="29" ec="0" bec="0" bev="0" fileid="1" />
                <SequencePoint vc="0" uspid="572" ordinal="0" offset="163" sl="37" sc="0" el="37" ec="0" bec="0" bev="0" fileid="1" />
                <SequencePoint vc="0" uspid="573" ordinal="0" offset="181" sl="38" sc="0" el="38" ec="0" bec="0" bev="0" fileid="1" />
                <SequencePoint vc="0" uspid="574" ordinal="0" offset="199" sl="38" sc="0" el="38" ec="0" bec="0" bev="0" fileid="1" />
                <SequencePoint vc="0" uspid="575" ordinal="0" offset="217" sl="40" sc="0" el="40" ec="0" bec="0" bev="0" fileid="1" />
                <SequencePoint vc="0" uspid="576" ordinal="0" offset="241" sl="42" sc="0" el="42" ec="0" bec="0" bev="0" fileid="1" />
                <SequencePoint vc="0" uspid="577" ordinal="0" offset="253" sl="44" sc="0" el="44" ec="0" bec="0" bev="0" fileid="1" />
                <SequencePoint vc="0" uspid="578" ordinal="0" offset="271" sl="45" sc="0" el="45" ec="0" bec="0" bev="0" fileid="1" />
              </SequencePoints>
              <BranchPoints />
            </Method>
            <Method visited="false" cyclomaticComplexity="0" nPathComplexity="0" sequenceCoverage="0.0" branchCoverage="0" crapScore="0" isConstructor="false" isStatic="false" isGetter="false" isSetter="false">
              <Summary numSequencePoints="11" visitedSequencePoints="0" numBranchPoints="0" visitedBranchPoints="0" sequenceCoverage="0.0" branchCoverage="0" maxCyclomaticComplexity="0" minCyclomaticComplexity="0" maxCrapScore="0" minCrapScore="0" visitedClasses="0" numClasses="0" visitedMethods="0" numMethods="1" />
              <MetadataToken>100663298</MetadataToken>
              <Name>System.Void GameController::Update()</Name>
              <FileRef uid="1" />
              <SequencePoints>
                <SequencePoint vc="0" uspid="579" ordinal="0" offset="0" sl="47" sc="0" el="47" ec="0" bec="0" bev="0" fileid="1" />
                <SequencePoint vc="0" uspid="580" ordinal="0" offset="1" sl="48" sc="0" el="48" ec="0" bec="0" bev="0" fileid="1" />
                <SequencePoint vc="0" uspid="581" ordinal="0" offset="19" sl="48" sc="0" el="48" ec="0" bec="0" bev="0" fileid="1" />
                <SequencePoint vc="0" uspid="582" ordinal="0" offset="21" sl="50" sc="0" el="50" ec="0" bec="0" bev="0" fileid="1" />
                <SequencePoint vc="0" uspid="583" ordinal="0" offset="27" sl="51" sc="0" el="51" ec="0" bec="0" bev="0" fileid="1" />
                <SequencePoint vc="0" uspid="584" ordinal="0" offset="28" sl="51" sc="0" el="51" ec="0" bec="0" bev="0" fileid="1" />
                <SequencePoint vc="0" uspid="585" ordinal="0" offset="42" sl="51" sc="0" el="51" ec="0" bec="0" bev="0" fileid="1" />
                <SequencePoint vc="0" uspid="586" ordinal="0" offset="50" sl="52" sc="0" el="52" ec="0" bec="0" bev="0" fileid="1" />
                <SequencePoint vc="0" uspid="587" ordinal="0" offset="58" sl="51" sc="0" el="51" ec="0" bec="0" bev="0" fileid="1" />
                <SequencePoint vc="0" uspid="588" ordinal="0" offset="84" sl="54" sc="0" el="54" ec="0" bec="0" bev="0" fileid="1" />
                <SequencePoint vc="0" uspid="589" ordinal="0" offset="91" sl="55" sc="0" el="55" ec="0" bec="0" bev="0" fileid="1" />
              </SequencePoints>
              <BranchPoints />
            </Method>
            <Method visited="false" cyclomaticComplexity="0" nPathComplexity="0" sequenceCoverage="0.0" branchCoverage="0" crapScore="0" isConstructor="false" isStatic="false" isGetter="false" isSetter="false">
              <Summary numSequencePoints="21" visitedSequencePoints="0" numBranchPoints="0" visitedBranchPoints="0" sequenceCoverage="0.0" branchCoverage="0" maxCyclomaticComplexity="0" minCyclomaticComplexity="0" maxCrapScore="0" minCrapScore="0" visitedClasses="0" numClasses="0" visitedMethods="0" numMethods="1" />
              <MetadataToken>100663299</MetadataToken>
              <Name>System.Void GameController::CheckCollisions()</Name>
              <FileRef uid="1" />
              <SequencePoints>
                <SequencePoint vc="0" uspid="590" ordinal="0" offset="0" sl="57" sc="0" el="57" ec="0" bec="0" bev="0" fileid="1" />
                <SequencePoint vc="0" uspid="591" ordinal="0" offset="1" sl="58" sc="0" el="58" ec="0" bec="0" bev="0" fileid="1" />
                <SequencePoint vc="0" uspid="592" ordinal="0" offset="2" sl="58" sc="0" el="58" ec="0" bec="0" bev="0" fileid="1" />
                <SequencePoint vc="0" uspid="593" ordinal="0" offset="19" sl="58" sc="0" el="58" ec="0" bec="0" bev="0" fileid="1" />
                <SequencePoint vc="0" uspid="594" ordinal="0" offset="27" sl="58" sc="0" el="58" ec="0" bec="0" bev="0" fileid="1" />
                <SequencePoint vc="0" uspid="595" ordinal="0" offset="28" sl="59" sc="0" el="59" ec="0" bec="0" bev="0" fileid="1" />
                <SequencePoint vc="0" uspid="596" ordinal="0" offset="54" sl="59" sc="0" el="59" ec="0" bec="0" bev="0" fileid="1" />
                <SequencePoint vc="0" uspid="597" ordinal="0" offset="56" sl="60" sc="0" el="60" ec="0" bec="0" bev="0" fileid="1" />
                <SequencePoint vc="0" uspid="598" ordinal="0" offset="57" sl="60" sc="0" el="60" ec="0" bec="0" bev="0" fileid="1" />
                <SequencePoint vc="0" uspid="599" ordinal="0" offset="71" sl="60" sc="0" el="60" ec="0" bec="0" bev="0" fileid="1" />
                <SequencePoint vc="0" uspid="600" ordinal="0" offset="79" sl="60" sc="0" el="60" ec="0" bec="0" bev="0" fileid="1" />
                <SequencePoint vc="0" uspid="601" ordinal="0" offset="80" sl="61" sc="0" el="61" ec="0" bec="0" bev="0" fileid="1" />
                <SequencePoint vc="0" uspid="602" ordinal="0" offset="132" sl="61" sc="0" el="61" ec="0" bec="0" bev="0" fileid="1" />
                <SequencePoint vc="0" uspid="603" ordinal="0" offset="133" sl="62" sc="0" el="62" ec="0" bec="0" bev="0" fileid="1" />
                <SequencePoint vc="0" uspid="604" ordinal="0" offset="145" sl="63" sc="0" el="63" ec="0" bec="0" bev="0" fileid="1" />
                <SequencePoint vc="0" uspid="605" ordinal="0" offset="157" sl="64" sc="0" el="64" ec="0" bec="0" bev="0" fileid="1" />
                <SequencePoint vc="0" uspid="606" ordinal="0" offset="159" sl="66" sc="0" el="66" ec="0" bec="0" bev="0" fileid="1" />
                <SequencePoint vc="0" uspid="607" ordinal="0" offset="160" sl="60" sc="0" el="60" ec="0" bec="0" bev="0" fileid="1" />
                <SequencePoint vc="0" uspid="608" ordinal="0" offset="181" sl="67" sc="0" el="67" ec="0" bec="0" bev="0" fileid="1" />
                <SequencePoint vc="0" uspid="609" ordinal="0" offset="182" sl="58" sc="0" el="58" ec="0" bec="0" bev="0" fileid="1" />
                <SequencePoint vc="0" uspid="610" ordinal="0" offset="211" sl="68" sc="0" el="68" ec="0" bec="0" bev="0" fileid="1" />
              </SequencePoints>
              <BranchPoints />
            </Method>
            <Method visited="false" cyclomaticComplexity="0" nPathComplexity="0" sequenceCoverage="0.0" branchCoverage="0" crapScore="0" isConstructor="false" isStatic="false" isGetter="false" isSetter="false">
              <Summary numSequencePoints="4" visitedSequencePoints="0" numBranchPoints="0" visitedBranchPoints="0" sequenceCoverage="0.0" branchCoverage="0" maxCyclomaticComplexity="0" minCyclomaticComplexity="0" maxCrapScore="0" minCrapScore="0" visitedClasses="0" numClasses="0" visitedMethods="0" numMethods="1" />
              <MetadataToken>100663300</MetadataToken>
              <Name>System.Void GameController::HandlePlayerWon()</Name>
              <FileRef uid="1" />
              <SequencePoints>
                <SequencePoint vc="0" uspid="611" ordinal="0" offset="0" sl="70" sc="0" el="70" ec="0" bec="0" bev="0" fileid="1" />
                <SequencePoint vc="0" uspid="612" ordinal="0" offset="1" sl="71" sc="0" el="71" ec="0" bec="0" bev="0" fileid="1" />
                <SequencePoint vc="0" uspid="613" ordinal="0" offset="13" sl="72" sc="0" el="72" ec="0" bec="0" bev="0" fileid="1" />
                <SequencePoint vc="0" uspid="614" ordinal="0" offset="26" sl="73" sc="0" el="73" ec="0" bec="0" bev="0" fileid="1" />
              </SequencePoints>
              <BranchPoints />
            </Method>
            <Method visited="false" cyclomaticComplexity="0" nPathComplexity="0" sequenceCoverage="0.0" branchCoverage="0" crapScore="0" isConstructor="true" isStatic="false" isGetter="false" isSetter="false">
              <Summary numSequencePoints="4" visitedSequencePoints="0" numBranchPoints="0" visitedBranchPoints="0" sequenceCoverage="0.0" branchCoverage="0" maxCyclomaticComplexity="0" minCyclomaticComplexity="0" maxCrapScore="0" minCrapScore="0" visitedClasses="0" numClasses="0" visitedMethods="0" numMethods="1" />
              <MetadataToken>100663302</MetadataToken>
              <Name>GameController::GameController()</Name>
              <FileRef uid="1" />
              <SequencePoints>
                <SequencePoint vc="0" uspid="615" ordinal="0" offset="0" sl="12" sc="22" el="12" ec="22" bec="0" bev="0" fileid="1" />
                <SequencePoint vc="0" uspid="616" ordinal="0" offset="11" sl="13" sc="22" el="13" ec="22" bec="0" bev="0" fileid="1" />
                <SequencePoint vc="0" uspid="617" ordinal="0" offset="22" sl="14" sc="22" el="14" ec="22" bec="0" bev="0" fileid="1" />
                <SequencePoint vc="0" uspid="618" ordinal="0" offset="33" sl="15" sc="22" el="15" ec="22" bec="0" bev="0" fileid="1" />
              </SequencePoints>
              <BranchPoints />
            </Method>
          </Methods>
        </Class>
        <Class>
          <Summary numSequencePoints="11" visitedSequencePoints="0" numBranchPoints="0" visitedBranchPoints="0" sequenceCoverage="0.0" branchCoverage="0.0" maxCyclomaticComplexity="0" minCyclomaticComplexity="0" maxCrapScore="0" minCrapScore="0" visitedClasses="0" numClasses="1" visitedMethods="0" numMethods="2" />
          <FullName>InputController</FullName>
          <Methods>
            <Method visited="false" cyclomaticComplexity="0" nPathComplexity="0" sequenceCoverage="0.0" branchCoverage="0" crapScore="0" isConstructor="false" isStatic="false" isGetter="false" isSetter="false">
              <Summary numSequencePoints="3" visitedSequencePoints="0" numBranchPoints="0" visitedBranchPoints="0" sequenceCoverage="0.0" branchCoverage="0" maxCyclomaticComplexity="0" minCyclomaticComplexity="0" maxCrapScore="0" minCrapScore="0" visitedClasses="0" numClasses="0" visitedMethods="0" numMethods="1" />
              <MetadataToken>100663303</MetadataToken>
              <Name>System.Void InputController::Init(PlayerModel)</Name>
              <FileRef uid="2" />
              <SequencePoints>
                <SequencePoint vc="0" uspid="619" ordinal="0" offset="0" sl="7" sc="0" el="7" ec="0" bec="0" bev="0" fileid="2" />
                <SequencePoint vc="0" uspid="620" ordinal="0" offset="1" sl="8" sc="0" el="8" ec="0" bec="0" bev="0" fileid="2" />
                <SequencePoint vc="0" uspid="621" ordinal="0" offset="8" sl="9" sc="0" el="9" ec="0" bec="0" bev="0" fileid="2" />
              </SequencePoints>
              <BranchPoints />
            </Method>
            <Method visited="false" cyclomaticComplexity="0" nPathComplexity="0" sequenceCoverage="0.0" branchCoverage="0" crapScore="0" isConstructor="false" isStatic="false" isGetter="false" isSetter="false">
              <Summary numSequencePoints="8" visitedSequencePoints="0" numBranchPoints="0" visitedBranchPoints="0" sequenceCoverage="0.0" branchCoverage="0" maxCyclomaticComplexity="0" minCyclomaticComplexity="0" maxCrapScore="0" minCrapScore="0" visitedClasses="0" numClasses="0" visitedMethods="0" numMethods="1" />
              <MetadataToken>100663304</MetadataToken>
              <Name>System.Void InputController::Update()</Name>
              <FileRef uid="2" />
              <SequencePoints>
                <SequencePoint vc="0" uspid="622" ordinal="0" offset="0" sl="11" sc="0" el="11" ec="0" bec="0" bev="0" fileid="2" />
                <SequencePoint vc="0" uspid="623" ordinal="0" offset="1" sl="12" sc="0" el="12" ec="0" bec="0" bev="0" fileid="2" />
                <SequencePoint vc="0" uspid="624" ordinal="0" offset="14" sl="12" sc="0" el="12" ec="0" bec="0" bev="0" fileid="2" />
                <SequencePoint vc="0" uspid="625" ordinal="0" offset="16" sl="14" sc="0" el="14" ec="0" bec="0" bev="0" fileid="2" />
                <SequencePoint vc="0" uspid="626" ordinal="0" offset="35" sl="15" sc="0" el="15" ec="0" bec="0" bev="0" fileid="2" />
                <SequencePoint vc="0" uspid="627" ordinal="0" offset="47" sl="16" sc="0" el="16" ec="0" bec="0" bev="0" fileid="2" />
                <SequencePoint vc="0" uspid="628" ordinal="0" offset="66" sl="17" sc="0" el="17" ec="0" bec="0" bev="0" fileid="2" />
                <SequencePoint vc="0" uspid="629" ordinal="0" offset="78" sl="18" sc="0" el="18" ec="0" bec="0" bev="0" fileid="2" />
              </SequencePoints>
              <BranchPoints />
            </Method>
          </Methods>
        </Class>
        <Class>
          <Summary numSequencePoints="6" visitedSequencePoints="0" numBranchPoints="0" visitedBranchPoints="0" sequenceCoverage="0.0" branchCoverage="0.0" maxCyclomaticComplexity="0" minCyclomaticComplexity="0" maxCrapScore="0" minCrapScore="0" visitedClasses="0" numClasses="1" visitedMethods="0" numMethods="2" />
          <FullName>SceneLoader</FullName>
          <Methods>
            <Method visited="false" cyclomaticComplexity="0" nPathComplexity="0" sequenceCoverage="0.0" branchCoverage="0" crapScore="0" isConstructor="false" isStatic="false" isGetter="false" isSetter="false">
              <Summary numSequencePoints="3" visitedSequencePoints="0" numBranchPoints="0" visitedBranchPoints="0" sequenceCoverage="0.0" branchCoverage="0" maxCyclomaticComplexity="0" minCyclomaticComplexity="0" maxCrapScore="0" minCrapScore="0" visitedClasses="0" numClasses="0" visitedMethods="0" numMethods="1" />
              <MetadataToken>100663306</MetadataToken>
              <Name>System.Void SceneLoader::LoadMainMenu()</Name>
              <FileRef uid="3" />
              <SequencePoints>
                <SequencePoint vc="0" uspid="630" ordinal="0" offset="0" sl="5" sc="0" el="5" ec="0" bec="0" bev="0" fileid="3" />
                <SequencePoint vc="0" uspid="631" ordinal="0" offset="1" sl="6" sc="0" el="6" ec="0" bec="0" bev="0" fileid="3" />
                <SequencePoint vc="0" uspid="632" ordinal="0" offset="12" sl="7" sc="0" el="7" ec="0" bec="0" bev="0" fileid="3" />
              </SequencePoints>
              <BranchPoints />
            </Method>
            <Method visited="false" cyclomaticComplexity="0" nPathComplexity="0" sequenceCoverage="0.0" branchCoverage="0" crapScore="0" isConstructor="false" isStatic="false" isGetter="false" isSetter="false">
              <Summary numSequencePoints="3" visitedSequencePoints="0" numBranchPoints="0" visitedBranchPoints="0" sequenceCoverage="0.0" branchCoverage="0" maxCyclomaticComplexity="0" minCyclomaticComplexity="0" maxCrapScore="0" minCrapScore="0" visitedClasses="0" numClasses="0" visitedMethods="0" numMethods="1" />
              <MetadataToken>100663307</MetadataToken>
              <Name>System.Void SceneLoader::LoadGame()</Name>
              <FileRef uid="3" />
              <SequencePoints>
                <SequencePoint vc="0" uspid="633" ordinal="0" offset="0" sl="9" sc="0" el="9" ec="0" bec="0" bev="0" fileid="3" />
                <SequencePoint vc="0" uspid="634" ordinal="0" offset="1" sl="10" sc="0" el="10" ec="0" bec="0" bev="0" fileid="3" />
                <SequencePoint vc="0" uspid="635" ordinal="0" offset="12" sl="11" sc="0" el="11" ec="0" bec="0" bev="0" fileid="3" />
              </SequencePoints>
              <BranchPoints />
            </Method>
          </Methods>
        </Class>
        <Class>
          <Summary numSequencePoints="3" visitedSequencePoints="0" numBranchPoints="0" visitedBranchPoints="0" sequenceCoverage="0.0" branchCoverage="0.0" maxCyclomaticComplexity="0" minCyclomaticComplexity="0" maxCrapScore="0" minCrapScore="0" visitedClasses="0" numClasses="1" visitedMethods="0" numMethods="1" />
          <FullName>CarModel</FullName>
          <Methods>
            <Method visited="false" cyclomaticComplexity="0" nPathComplexity="0" sequenceCoverage="0.0" branchCoverage="0" crapScore="0" isConstructor="false" isStatic="false" isGetter="false" isSetter="false">
              <Summary numSequencePoints="3" visitedSequencePoints="0" numBranchPoints="0" visitedBranchPoints="0" sequenceCoverage="0.0" branchCoverage="0" maxCyclomaticComplexity="0" minCyclomaticComplexity="0" maxCrapScore="0" minCrapScore="0" visitedClasses="0" numClasses="0" visitedMethods="0" numMethods="1" />
              <MetadataToken>100663310</MetadataToken>
              <Name>System.Void CarModel::Tick(System.Single)</Name>
              <FileRef uid="4" />
              <SequencePoints>
                <SequencePoint vc="0" uspid="636" ordinal="0" offset="0" sl="6" sc="0" el="6" ec="0" bec="0" bev="0" fileid="4" />
                <SequencePoint vc="0" uspid="637" ordinal="0" offset="1" sl="7" sc="0" el="7" ec="0" bec="0" bev="0" fileid="4" />
                <SequencePoint vc="0" uspid="638" ordinal="0" offset="22" sl="8" sc="0" el="8" ec="0" bec="0" bev="0" fileid="4" />
              </SequencePoints>
              <BranchPoints />
            </Method>
          </Methods>
        </Class>
        <Class>
          <Summary numSequencePoints="3" visitedSequencePoints="0" numBranchPoints="0" visitedBranchPoints="0" sequenceCoverage="0.0" branchCoverage="0.0" maxCyclomaticComplexity="0" minCyclomaticComplexity="0" maxCrapScore="0" minCrapScore="0" visitedClasses="0" numClasses="1" visitedMethods="0" numMethods="1" />
          <FullName>CollisionDetector</FullName>
          <Methods>
            <Method visited="false" cyclomaticComplexity="0" nPathComplexity="0" sequenceCoverage="0.0" branchCoverage="0" crapScore="0" isConstructor="false" isStatic="true" isGetter="false" isSetter="false">
              <Summary numSequencePoints="3" visitedSequencePoints="0" numBranchPoints="0" visitedBranchPoints="0" sequenceCoverage="0.0" branchCoverage="0" maxCyclomaticComplexity="0" minCyclomaticComplexity="0" maxCrapScore="0" minCrapScore="0" visitedClasses="0" numClasses="0" visitedMethods="0" numMethods="1" />
              <MetadataToken>100663312</MetadataToken>
              <Name>static System.Boolean CollisionDetector::OverLaps(System.Single, System.Single, System.Single, System.Single)</Name>
              <FileRef uid="5" />
              <SequencePoints>
                <SequencePoint vc="0" uspid="639" ordinal="0" offset="0" sl="4" sc="97" el="4" ec="97" bec="0" bev="0" fileid="5" />
                <SequencePoint vc="0" uspid="640" ordinal="0" offset="1" sl="5" sc="5" el="5" ec="5" bec="0" bev="0" fileid="5" />
                <SequencePoint vc="0" uspid="641" ordinal="0" offset="23" sl="6" sc="3" el="6" ec="3" bec="0" bev="0" fileid="5" />
              </SequencePoints>
              <BranchPoints />
            </Method>
          </Methods>
        </Class>
        <Class>
          <Summary numSequencePoints="13" visitedSequencePoints="0" numBranchPoints="0" visitedBranchPoints="0" sequenceCoverage="0.0" branchCoverage="0.0" maxCyclomaticComplexity="0" minCyclomaticComplexity="0" maxCrapScore="0" minCrapScore="0" visitedClasses="0" numClasses="1" visitedMethods="0" numMethods="4" />
          <FullName>GameStateModel</FullName>
          <Methods>
            <Method visited="false" cyclomaticComplexity="0" nPathComplexity="0" sequenceCoverage="0.0" branchCoverage="0" crapScore="0" isConstructor="false" isStatic="false" isGetter="true" isSetter="false">
              <Summary numSequencePoints="1" visitedSequencePoints="0" numBranchPoints="0" visitedBranchPoints="0" sequenceCoverage="0.0" branchCoverage="0" maxCyclomaticComplexity="0" minCyclomaticComplexity="0" maxCrapScore="0" minCrapScore="0" visitedClasses="0" numClasses="0" visitedMethods="0" numMethods="1" />
              <MetadataToken>100663313</MetadataToken>
              <Name>EGameState GameStateModel::get_State()</Name>
              <FileRef uid="6" />
              <SequencePoints>
                <SequencePoint vc="0" uspid="642" ordinal="0" offset="0" sl="4" sc="0" el="4" ec="0" bec="0" bev="0" fileid="6" />
              </SequencePoints>
              <BranchPoints />
            </Method>
            <Method visited="false" cyclomaticComplexity="0" nPathComplexity="0" sequenceCoverage="0.0" branchCoverage="0" crapScore="0" isConstructor="false" isStatic="false" isGetter="false" isSetter="true">
              <Summary numSequencePoints="1" visitedSequencePoints="0" numBranchPoints="0" visitedBranchPoints="0" sequenceCoverage="0.0" branchCoverage="0" maxCyclomaticComplexity="0" minCyclomaticComplexity="0" maxCrapScore="0" minCrapScore="0" visitedClasses="0" numClasses="0" visitedMethods="0" numMethods="1" />
              <MetadataToken>100663314</MetadataToken>
              <Name>System.Void GameStateModel::set_State(EGameState)</Name>
              <FileRef uid="6" />
              <SequencePoints>
                <SequencePoint vc="0" uspid="643" ordinal="0" offset="0" sl="4" sc="0" el="4" ec="0" bec="0" bev="0" fileid="6" />
              </SequencePoints>
              <BranchPoints />
            </Method>
            <Method visited="false" cyclomaticComplexity="0" nPathComplexity="0" sequenceCoverage="0.0" branchCoverage="0" crapScore="0" isConstructor="false" isStatic="false" isGetter="false" isSetter="false">
              <Summary numSequencePoints="7" visitedSequencePoints="0" numBranchPoints="0" visitedBranchPoints="0" sequenceCoverage="0.0" branchCoverage="0" maxCyclomaticComplexity="0" minCyclomaticComplexity="0" maxCrapScore="0" minCrapScore="0" visitedClasses="0" numClasses="0" visitedMethods="0" numMethods="1" />
              <MetadataToken>100663317</MetadataToken>
              <Name>System.Void GameStateModel::SetPlaying()</Name>
              <FileRef uid="6" />
              <SequencePoints>
                <SequencePoint vc="0" uspid="644" ordinal="0" offset="0" sl="8" sc="0" el="8" ec="0" bec="0" bev="0" fileid="6" />
                <SequencePoint vc="0" uspid="645" ordinal="0" offset="1" sl="9" sc="0" el="9" ec="0" bec="0" bev="0" fileid="6" />
                <SequencePoint vc="0" uspid="646" ordinal="0" offset="14" sl="9" sc="0" el="9" ec="0" bec="0" bev="0" fileid="6" />
                <SequencePoint vc="0" uspid="647" ordinal="0" offset="15" sl="10" sc="0" el="10" ec="0" bec="0" bev="0" fileid="6" />
                <SequencePoint vc="0" uspid="648" ordinal="0" offset="23" sl="11" sc="0" el="11" ec="0" bec="0" bev="0" fileid="6" />
                <SequencePoint vc="0" uspid="649" ordinal="0" offset="42" sl="12" sc="0" el="12" ec="0" bec="0" bev="0" fileid="6" />
                <SequencePoint vc="0" uspid="650" ordinal="0" offset="43" sl="13" sc="0" el="13" ec="0" bec="0" bev="0" fileid="6" />
              </SequencePoints>
              <BranchPoints />
            </Method>
            <Method visited="false" cyclomaticComplexity="0" nPathComplexity="0" sequenceCoverage="0.0" branchCoverage="0" crapScore="0" isConstructor="false" isStatic="false" isGetter="false" isSetter="false">
              <Summary numSequencePoints="4" visitedSequencePoints="0" numBranchPoints="0" visitedBranchPoints="0" sequenceCoverage="0.0" branchCoverage="0" maxCyclomaticComplexity="0" minCyclomaticComplexity="0" maxCrapScore="0" minCrapScore="0" visitedClasses="0" numClasses="0" visitedMethods="0" numMethods="1" />
              <MetadataToken>100663318</MetadataToken>
              <Name>System.Void GameStateModel::SetWon()</Name>
              <FileRef uid="6" />
              <SequencePoints>
                <SequencePoint vc="0" uspid="651" ordinal="0" offset="0" sl="15" sc="0" el="15" ec="0" bec="0" bev="0" fileid="6" />
                <SequencePoint vc="0" uspid="652" ordinal="0" offset="1" sl="16" sc="0" el="16" ec="0" bec="0" bev="0" fileid="6" />
                <SequencePoint vc="0" uspid="653" ordinal="0" offset="9" sl="17" sc="0" el="17" ec="0" bec="0" bev="0" fileid="6" />
                <SequencePoint vc="0" uspid="654" ordinal="0" offset="28" sl="18" sc="0" el="18" ec="0" bec="0" bev="0" fileid="6" />
              </SequencePoints>
              <BranchPoints />
            </Method>
          </Methods>
        </Class>
        <Class>
          <Summary numSequencePoints="42" visitedSequencePoints="0" numBranchPoints="0" visitedBranchPoints="0" sequenceCoverage="0.0" branchCoverage="0.0" maxCyclomaticComplexity="0" minCyclomaticComplexity="0" maxCrapScore="0" minCrapScore="0" visitedClasses="0" numClasses="1" visitedMethods="0" numMethods="5" />
          <FullName>LaneModel</FullName>
          <Methods>
            <Method visited="false" cyclomaticComplexity="0" nPathComplexity="0" sequenceCoverage="0.0" branchCoverage="0" crapScore="0" isConstructor="false" isStatic="false" isGetter="true" isSetter="false">
              <Summary numSequencePoints="1" visitedSequencePoints="0" numBranchPoints="0" visitedBranchPoints="0" sequenceCoverage="0.0" branchCoverage="0" maxCyclomaticComplexity="0" minCyclomaticComplexity="0" maxCrapScore="0" minCrapScore="0" visitedClasses="0" numClasses="0" visitedMethods="0" numMethods="1" />
              <MetadataToken>100663320</MetadataToken>
              <Name>System.Int32 LaneModel::get_RowIndex()</Name>
              <FileRef uid="7" />
              <SequencePoints>
                <SequencePoint vc="0" uspid="655" ordinal="0" offset="0" sl="5" sc="0" el="5" ec="0" bec="0" bev="0" fileid="7" />
              </SequencePoints>
              <BranchPoints />
            </Method>
            <Method visited="false" cyclomaticComplexity="0" nPathComplexity="0" sequenceCoverage="0.0" branchCoverage="0" crapScore="0" isConstructor="false" isStatic="false" isGetter="false" isSetter="true">
              <Summary numSequencePoints="1" visitedSequencePoints="0" numBranchPoints="0" visitedBranchPoints="0" sequenceCoverage="0.0" branchCoverage="0" maxCyclomaticComplexity="0" minCyclomaticComplexity="0" maxCrapScore="0" minCrapScore="0" visitedClasses="0" numClasses="0" visitedMethods="0" numMethods="1" />
              <MetadataToken>100663321</MetadataToken>
              <Name>System.Void LaneModel::set_RowIndex(System.Int32)</Name>
              <FileRef uid="7" />
              <SequencePoints>
                <SequencePoint vc="0" uspid="656" ordinal="0" offset="0" sl="5" sc="0" el="5" ec="0" bec="0" bev="0" fileid="7" />
              </SequencePoints>
              <BranchPoints />
            </Method>
            <Method visited="false" cyclomaticComplexity="0" nPathComplexity="0" sequenceCoverage="0.0" branchCoverage="0" crapScore="0" isConstructor="false" isStatic="false" isGetter="true" isSetter="false">
              <Summary numSequencePoints="1" visitedSequencePoints="0" numBranchPoints="0" visitedBranchPoints="0" sequenceCoverage="0.0" branchCoverage="0" maxCyclomaticComplexity="0" minCyclomaticComplexity="0" maxCrapScore="0" minCrapScore="0" visitedClasses="0" numClasses="0" visitedMethods="0" numMethods="1" />
              <MetadataToken>100663326</MetadataToken>
              <Name>System.Collections.Generic.IReadOnlyList[CarModel] LaneModel::get_Cars()</Name>
              <FileRef uid="7" />
              <SequencePoints>
                <SequencePoint vc="0" uspid="657" ordinal="0" offset="0" sl="16" sc="0" el="16" ec="0" bec="0" bev="0" fileid="7" />
              </SequencePoints>
              <BranchPoints />
            </Method>
            <Method visited="false" cyclomaticComplexity="0" nPathComplexity="0" sequenceCoverage="0.0" branchCoverage="0" crapScore="0" isConstructor="false" isStatic="false" isGetter="false" isSetter="false">
              <Summary numSequencePoints="29" visitedSequencePoints="0" numBranchPoints="0" visitedBranchPoints="0" sequenceCoverage="0.0" branchCoverage="0" maxCyclomaticComplexity="0" minCyclomaticComplexity="0" maxCrapScore="0" minCrapScore="0" visitedClasses="0" numClasses="0" visitedMethods="0" numMethods="1" />
              <MetadataToken>100663328</MetadataToken>
              <Name>System.Void LaneModel::Tick(System.Single)</Name>
              <FileRef uid="7" />
              <SequencePoints>
                <SequencePoint vc="0" uspid="658" ordinal="0" offset="0" sl="28" sc="0" el="28" ec="0" bec="0" bev="0" fileid="7" />
                <SequencePoint vc="0" uspid="659" ordinal="0" offset="1" sl="29" sc="0" el="29" ec="0" bec="0" bev="0" fileid="7" />
                <SequencePoint vc="0" uspid="660" ordinal="0" offset="2" sl="29" sc="0" el="29" ec="0" bec="0" bev="0" fileid="7" />
                <SequencePoint vc="0" uspid="661" ordinal="0" offset="16" sl="29" sc="0" el="29" ec="0" bec="0" bev="0" fileid="7" />
                <SequencePoint vc="0" uspid="662" ordinal="0" offset="23" sl="30" sc="0" el="30" ec="0" bec="0" bev="0" fileid="7" />
                <SequencePoint vc="0" uspid="663" ordinal="0" offset="31" sl="29" sc="0" el="29" ec="0" bec="0" bev="0" fileid="7" />
                <SequencePoint vc="0" uspid="664" ordinal="0" offset="52" sl="32" sc="0" el="32" ec="0" bec="0" bev="0" fileid="7" />
                <SequencePoint vc="0" uspid="665" ordinal="0" offset="68" sl="32" sc="0" el="32" ec="0" bec="0" bev="0" fileid="7" />
                <SequencePoint vc="0" uspid="666" ordinal="0" offset="69" sl="33" sc="0" el="33" ec="0" bec="0" bev="0" fileid="7" />
                <SequencePoint vc="0" uspid="667" ordinal="0" offset="82" sl="34" sc="0" el="34" ec="0" bec="0" bev="0" fileid="7" />
                <SequencePoint vc="0" uspid="668" ordinal="0" offset="119" sl="34" sc="0" el="34" ec="0" bec="0" bev="0" fileid="7" />
                <SequencePoint vc="0" uspid="669" ordinal="0" offset="120" sl="35" sc="0" el="35" ec="0" bec="0" bev="0" fileid="7" />
                <SequencePoint vc="0" uspid="670" ordinal="0" offset="133" sl="36" sc="0" el="36" ec="0" bec="0" bev="0" fileid="7" />
                <SequencePoint vc="0" uspid="671" ordinal="0" offset="152" sl="37" sc="0" el="37" ec="0" bec="0" bev="0" fileid="7" />
                <SequencePoint vc="0" uspid="672" ordinal="0" offset="153" sl="38" sc="0" el="38" ec="0" bec="0" bev="0" fileid="7" />
                <SequencePoint vc="0" uspid="673" ordinal="0" offset="154" sl="32" sc="0" el="32" ec="0" bec="0" bev="0" fileid="7" />
                <SequencePoint vc="0" uspid="674" ordinal="0" offset="158" sl="32" sc="0" el="32" ec="0" bec="0" bev="0" fileid="7" />
                <SequencePoint vc="0" uspid="675" ordinal="0" offset="171" sl="40" sc="0" el="40" ec="0" bec="0" bev="0" fileid="7" />
                <SequencePoint vc="0" uspid="676" ordinal="0" offset="185" sl="41" sc="0" el="41" ec="0" bec="0" bev="0" fileid="7" />
                <SequencePoint vc="0" uspid="677" ordinal="0" offset="208" sl="41" sc="0" el="41" ec="0" bec="0" bev="0" fileid="7" />
                <SequencePoint vc="0" uspid="678" ordinal="0" offset="209" sl="42" sc="0" el="42" ec="0" bec="0" bev="0" fileid="7" />
                <SequencePoint vc="0" uspid="679" ordinal="0" offset="220" sl="43" sc="0" el="43" ec="0" bec="0" bev="0" fileid="7" />
                <SequencePoint vc="0" uspid="680" ordinal="0" offset="227" sl="44" sc="0" el="44" ec="0" bec="0" bev="0" fileid="7" />
                <SequencePoint vc="0" uspid="681" ordinal="0" offset="261" sl="45" sc="0" el="45" ec="0" bec="0" bev="0" fileid="7" />
                <SequencePoint vc="0" uspid="682" ordinal="0" offset="274" sl="46" sc="0" el="46" ec="0" bec="0" bev="0" fileid="7" />
                <SequencePoint vc="0" uspid="683" ordinal="0" offset="287" sl="47" sc="0" el="47" ec="0" bec="0" bev="0" fileid="7" />
                <SequencePoint vc="0" uspid="684" ordinal="0" offset="301" sl="48" sc="0" el="48" ec="0" bec="0" bev="0" fileid="7" />
                <SequencePoint vc="0" uspid="685" ordinal="0" offset="321" sl="49" sc="0" el="49" ec="0" bec="0" bev="0" fileid="7" />
                <SequencePoint vc="0" uspid="686" ordinal="0" offset="322" sl="50" sc="0" el="50" ec="0" bec="0" bev="0" fileid="7" />
              </SequencePoints>
              <BranchPoints />
            </Method>
            <Method visited="false" cyclomaticComplexity="0" nPathComplexity="0" sequenceCoverage="0.0" branchCoverage="0" crapScore="0" isConstructor="true" isStatic="false" isGetter="false" isSetter="false">
              <Summary numSequencePoints="10" visitedSequencePoints="0" numBranchPoints="0" visitedBranchPoints="0" sequenceCoverage="0.0" branchCoverage="0" maxCyclomaticComplexity="0" minCyclomaticComplexity="0" maxCrapScore="0" minCrapScore="0" visitedClasses="0" numClasses="0" visitedMethods="0" numMethods="1" />
              <MetadataToken>100663327</MetadataToken>
              <Name>LaneModel::LaneModel(System.Int32, System.Single, System.Single, System.Single, System.Single, System.Single)</Name>
              <FileRef uid="7" />
              <SequencePoints>
                <SequencePoint vc="0" uspid="687" ordinal="0" offset="0" sl="6" sc="0" el="6" ec="0" bec="0" bev="0" fileid="7" />
                <SequencePoint vc="0" uspid="688" ordinal="0" offset="11" sl="18" sc="0" el="18" ec="0" bec="0" bev="0" fileid="7" />
                <SequencePoint vc="0" uspid="689" ordinal="0" offset="18" sl="19" sc="0" el="19" ec="0" bec="0" bev="0" fileid="7" />
                <SequencePoint vc="0" uspid="690" ordinal="0" offset="19" sl="20" sc="0" el="20" ec="0" bec="0" bev="0" fileid="7" />
                <SequencePoint vc="0" uspid="691" ordinal="0" offset="27" sl="21" sc="0" el="21" ec="0" bec="0" bev="0" fileid="7" />
                <SequencePoint vc="0" uspid="692" ordinal="0" offset="34" sl="22" sc="0" el="22" ec="0" bec="0" bev="0" fileid="7" />
                <SequencePoint vc="0" uspid="693" ordinal="0" offset="41" sl="23" sc="0" el="23" ec="0" bec="0" bev="0" fileid="7" />
                <SequencePoint vc="0" uspid="694" ordinal="0" offset="49" sl="24" sc="0" el="24" ec="0" bec="0" bev="0" fileid="7" />
                <SequencePoint vc="0" uspid="695" ordinal="0" offset="57" sl="25" sc="0" el="25" ec="0" bec="0" bev="0" fileid="7" />
                <SequencePoint vc="0" uspid="696" ordinal="0" offset="65" sl="26" sc="0" el="26" ec="0" bec="0" bev="0" fileid="7" />
              </SequencePoints>
              <BranchPoints />
            </Method>
          </Methods>
        </Class>
        <Class>
          <Summary numSequencePoints="38" visitedSequencePoints="0" numBranchPoints="0" visitedBranchPoints="0" sequenceCoverage="0.0" branchCoverage="0.0" maxCyclomaticComplexity="0" minCyclomaticComplexity="0" maxCrapScore="0" minCrapScore="0" visitedClasses="0" numClasses="1" visitedMethods="0" numMethods="7" />
          <FullName>PlayerModel</FullName>
          <Methods>
            <Method visited="false" cyclomaticComplexity="0" nPathComplexity="0" sequenceCoverage="0.0" branchCoverage="0" crapScore="0" isConstructor="false" isStatic="false" isGetter="true" isSetter="false">
              <Summary numSequencePoints="1" visitedSequencePoints="0" numBranchPoints="0" visitedBranchPoints="0" sequenceCoverage="0.0" branchCoverage="0" maxCyclomaticComplexity="0" minCyclomaticComplexity="0" maxCrapScore="0" minCrapScore="0" visitedClasses="0" numClasses="0" visitedMethods="0" numMethods="1" />
              <MetadataToken>100663329</MetadataToken>
              <Name>System.Int32 PlayerModel::get_CurrentRow()</Name>
              <FileRef uid="8" />
              <SequencePoints>
                <SequencePoint vc="0" uspid="697" ordinal="0" offset="0" sl="4" sc="27" el="4" ec="27" bec="0" bev="0" fileid="8" />
              </SequencePoints>
              <BranchPoints />
            </Method>
            <Method visited="false" cyclomaticComplexity="0" nPathComplexity="0" sequenceCoverage="0.0" branchCoverage="0" crapScore="0" isConstructor="false" isStatic="false" isGetter="false" isSetter="true">
              <Summary numSequencePoints="1" visitedSequencePoints="0" numBranchPoints="0" visitedBranchPoints="0" sequenceCoverage="0.0" branchCoverage="0" maxCyclomaticComplexity="0" minCyclomaticComplexity="0" maxCrapScore="0" minCrapScore="0" visitedClasses="0" numClasses="0" visitedMethods="0" numMethods="1" />
              <MetadataToken>100663330</MetadataToken>
              <Name>System.Void PlayerModel::set_CurrentRow(System.Int32)</Name>
              <FileRef uid="8" />
              <SequencePoints>
                <SequencePoint vc="0" uspid="698" ordinal="0" offset="0" sl="4" sc="32" el="4" ec="32" bec="0" bev="0" fileid="8" />
              </SequencePoints>
              <BranchPoints />
            </Method>
            <Method visited="false" cyclomaticComplexity="0" nPathComplexity="0" sequenceCoverage="0.0" branchCoverage="0" crapScore="0" isConstructor="false" isStatic="false" isGetter="false" isSetter="false">
              <Summary numSequencePoints="12" visitedSequencePoints="0" numBranchPoints="0" visitedBranchPoints="0" sequenceCoverage="0.0" branchCoverage="0" maxCyclomaticComplexity="0" minCyclomaticComplexity="0" maxCrapScore="0" minCrapScore="0" visitedClasses="0" numClasses="0" visitedMethods="0" numMethods="1" />
              <MetadataToken>100663340</MetadataToken>
              <Name>System.Void PlayerModel::MoveForward()</Name>
              <FileRef uid="8" />
              <SequencePoints>
                <SequencePoint vc="0" uspid="699" ordinal="0" offset="0" sl="19" sc="29" el="19" ec="29" bec="0" bev="0" fileid="8" />
                <SequencePoint vc="0" uspid="700" ordinal="0" offset="1" sl="20" sc="5" el="20" ec="5" bec="0" bev="0" fileid="8" />
                <SequencePoint vc="0" uspid="701" ordinal="0" offset="14" sl="20" sc="19" el="20" ec="19" bec="0" bev="0" fileid="8" />
                <SequencePoint vc="0" uspid="702" ordinal="0" offset="16" sl="22" sc="5" el="22" ec="5" bec="0" bev="0" fileid="8" />
                <SequencePoint vc="0" uspid="703" ordinal="0" offset="39" sl="22" sc="38" el="22" ec="38" bec="0" bev="0" fileid="8" />
                <SequencePoint vc="0" uspid="704" ordinal="0" offset="41" sl="24" sc="5" el="24" ec="5" bec="0" bev="0" fileid="8" />
                <SequencePoint vc="0" uspid="705" ordinal="0" offset="58" sl="25" sc="5" el="25" ec="5" bec="0" bev="0" fileid="8" />
                <SequencePoint vc="0" uspid="706" ordinal="0" offset="82" sl="27" sc="5" el="27" ec="5" bec="0" bev="0" fileid="8" />
                <SequencePoint vc="0" uspid="707" ordinal="0" offset="102" sl="27" sc="38" el="27" ec="38" bec="0" bev="0" fileid="8" />
                <SequencePoint vc="0" uspid="708" ordinal="0" offset="103" sl="28" sc="7" el="28" ec="7" bec="0" bev="0" fileid="8" />
                <SequencePoint vc="0" uspid="709" ordinal="0" offset="121" sl="29" sc="5" el="29" ec="5" bec="0" bev="0" fileid="8" />
                <SequencePoint vc="0" uspid="710" ordinal="0" offset="122" sl="30" sc="3" el="30" ec="3" bec="0" bev="0" fileid="8" />
              </SequencePoints>
              <BranchPoints />
            </Method>
            <Method visited="false" cyclomaticComplexity="0" nPathComplexity="0" sequenceCoverage="0.0" branchCoverage="0" crapScore="0" isConstructor="false" isStatic="false" isGetter="false" isSetter="false">
              <Summary numSequencePoints="9" visitedSequencePoints="0" numBranchPoints="0" visitedBranchPoints="0" sequenceCoverage="0.0" branchCoverage="0" maxCyclomaticComplexity="0" minCyclomaticComplexity="0" maxCrapScore="0" minCrapScore="0" visitedClasses="0" numClasses="0" visitedMethods="0" numMethods="1" />
              <MetadataToken>100663341</MetadataToken>
              <Name>System.Void PlayerModel::MoveBackwards()</Name>
              <FileRef uid="8" />
              <SequencePoints>
                <SequencePoint vc="0" uspid="711" ordinal="0" offset="0" sl="32" sc="31" el="32" ec="31" bec="0" bev="0" fileid="8" />
                <SequencePoint vc="0" uspid="712" ordinal="0" offset="1" sl="33" sc="5" el="33" ec="5" bec="0" bev="0" fileid="8" />
                <SequencePoint vc="0" uspid="713" ordinal="0" offset="14" sl="33" sc="19" el="33" ec="19" bec="0" bev="0" fileid="8" />
                <SequencePoint vc="0" uspid="714" ordinal="0" offset="16" sl="35" sc="5" el="35" ec="5" bec="0" bev="0" fileid="8" />
                <SequencePoint vc="0" uspid="715" ordinal="0" offset="29" sl="35" sc="25" el="35" ec="25" bec="0" bev="0" fileid="8" />
                <SequencePoint vc="0" uspid="716" ordinal="0" offset="30" sl="36" sc="7" el="36" ec="7" bec="0" bev="0" fileid="8" />
                <SequencePoint vc="0" uspid="717" ordinal="0" offset="47" sl="37" sc="7" el="37" ec="7" bec="0" bev="0" fileid="8" />
                <SequencePoint vc="0" uspid="718" ordinal="0" offset="71" sl="38" sc="5" el="38" ec="5" bec="0" bev="0" fileid="8" />
                <SequencePoint vc="0" uspid="719" ordinal="0" offset="72" sl="39" sc="3" el="39" ec="3" bec="0" bev="0" fileid="8" />
              </SequencePoints>
              <BranchPoints />
            </Method>
            <Method visited="false" cyclomaticComplexity="0" nPathComplexity="0" sequenceCoverage="0.0" branchCoverage="0" crapScore="0" isConstructor="false" isStatic="false" isGetter="false" isSetter="false">
              <Summary numSequencePoints="4" visitedSequencePoints="0" numBranchPoints="0" visitedBranchPoints="0" sequenceCoverage="0.0" branchCoverage="0" maxCyclomaticComplexity="0" minCyclomaticComplexity="0" maxCrapScore="0" minCrapScore="0" visitedClasses="0" numClasses="0" visitedMethods="0" numMethods="1" />
              <MetadataToken>100663342</MetadataToken>
              <Name>System.Void PlayerModel::Die()</Name>
              <FileRef uid="8" />
              <SequencePoints>
                <SequencePoint vc="0" uspid="720" ordinal="0" offset="0" sl="41" sc="21" el="41" ec="21" bec="0" bev="0" fileid="8" />
                <SequencePoint vc="0" uspid="721" ordinal="0" offset="1" sl="42" sc="5" el="42" ec="5" bec="0" bev="0" fileid="8" />
                <SequencePoint vc="0" uspid="722" ordinal="0" offset="8" sl="43" sc="5" el="43" ec="5" bec="0" bev="0" fileid="8" />
                <SequencePoint vc="0" uspid="723" ordinal="0" offset="26" sl="44" sc="3" el="44" ec="3" bec="0" bev="0" fileid="8" />
              </SequencePoints>
              <BranchPoints />
            </Method>
            <Method visited="false" cyclomaticComplexity="0" nPathComplexity="0" sequenceCoverage="0.0" branchCoverage="0" crapScore="0" isConstructor="false" isStatic="false" isGetter="false" isSetter="false">
              <Summary numSequencePoints="5" visitedSequencePoints="0" numBranchPoints="0" visitedBranchPoints="0" sequenceCoverage="0.0" branchCoverage="0" maxCyclomaticComplexity="0" minCyclomaticComplexity="0" maxCrapScore="0" minCrapScore="0" visitedClasses="0" numClasses="0" visitedMethods="0" numMethods="1" />
              <MetadataToken>100663343</MetadataToken>
              <Name>System.Void PlayerModel::Respawn()</Name>
              <FileRef uid="8" />
              <SequencePoints>
                <SequencePoint vc="0" uspid="724" ordinal="0" offset="0" sl="46" sc="25" el="46" ec="25" bec="0" bev="0" fileid="8" />
                <SequencePoint vc="0" uspid="725" ordinal="0" offset="1" sl="47" sc="5" el="47" ec="5" bec="0" bev="0" fileid="8" />
                <SequencePoint vc="0" uspid="726" ordinal="0" offset="9" sl="48" sc="5" el="48" ec="5" bec="0" bev="0" fileid="8" />
                <SequencePoint vc="0" uspid="727" ordinal="0" offset="16" sl="49" sc="5" el="49" ec="5" bec="0" bev="0" fileid="8" />
                <SequencePoint vc="0" uspid="728" ordinal="0" offset="34" sl="50" sc="3" el="50" ec="3" bec="0" bev="0" fileid="8" />
              </SequencePoints>
              <BranchPoints />
            </Method>
            <Method visited="false" cyclomaticComplexity="0" nPathComplexity="0" sequenceCoverage="0.0" branchCoverage="0" crapScore="0" isConstructor="true" isStatic="false" isGetter="false" isSetter="false">
              <Summary numSequencePoints="6" visitedSequencePoints="0" numBranchPoints="0" visitedBranchPoints="0" sequenceCoverage="0.0" branchCoverage="0" maxCyclomaticComplexity="0" minCyclomaticComplexity="0" maxCrapScore="0" minCrapScore="0" visitedClasses="0" numClasses="0" visitedMethods="0" numMethods="1" />
              <MetadataToken>100663339</MetadataToken>
              <Name>PlayerModel::PlayerModel(System.Int32)</Name>
              <FileRef uid="8" />
              <SequencePoints>
                <SequencePoint vc="0" uspid="729" ordinal="0" offset="0" sl="5" sc="3" el="5" ec="3" bec="0" bev="0" fileid="8" />
                <SequencePoint vc="0" uspid="730" ordinal="0" offset="7" sl="14" sc="3" el="14" ec="3" bec="0" bev="0" fileid="8" />
                <SequencePoint vc="0" uspid="731" ordinal="0" offset="14" sl="14" sc="37" el="14" ec="37" bec="0" bev="0" fileid="8" />
                <SequencePoint vc="0" uspid="732" ordinal="0" offset="15" sl="15" sc="5" el="15" ec="5" bec="0" bev="0" fileid="8" />
                <SequencePoint vc="0" uspid="733" ordinal="0" offset="22" sl="16" sc="5" el="16" ec="5" bec="0" bev="0" fileid="8" />
                <SequencePoint vc="0" uspid="734" ordinal="0" offset="30" sl="17" sc="3" el="17" ec="3" bec="0" bev="0" fileid="8" />
              </SequencePoints>
              <BranchPoints />
            </Method>
          </Methods>
        </Class>
        <Class>
          <Summary numSequencePoints="12" visitedSequencePoints="0" numBranchPoints="0" visitedBranchPoints="0" sequenceCoverage="0.0" branchCoverage="0.0" maxCyclomaticComplexity="0" minCyclomaticComplexity="0" maxCrapScore="0" minCrapScore="0" visitedClasses="0" numClasses="1" visitedMethods="0" numMethods="3" />
          <FullName>CameraFollow</FullName>
          <Methods>
            <Method visited="false" cyclomaticComplexity="0" nPathComplexity="0" sequenceCoverage="0.0" branchCoverage="0" crapScore="0" isConstructor="false" isStatic="false" isGetter="false" isSetter="false">
              <Summary numSequencePoints="5" visitedSequencePoints="0" numBranchPoints="0" visitedBranchPoints="0" sequenceCoverage="0.0" branchCoverage="0" maxCyclomaticComplexity="0" minCyclomaticComplexity="0" maxCrapScore="0" minCrapScore="0" visitedClasses="0" numClasses="0" visitedMethods="0" numMethods="1" />
              <MetadataToken>100663344</MetadataToken>
              <Name>System.Void CameraFollow::Start()</Name>
              <FileRef uid="9" />
              <SequencePoints>
                <SequencePoint vc="0" uspid="735" ordinal="0" offset="0" sl="9" sc="0" el="9" ec="0" bec="0" bev="0" fileid="9" />
                <SequencePoint vc="0" uspid="736" ordinal="0" offset="1" sl="10" sc="0" el="10" ec="0" bec="0" bev="0" fileid="9" />
                <SequencePoint vc="0" uspid="737" ordinal="0" offset="17" sl="10" sc="0" el="10" ec="0" bec="0" bev="0" fileid="9" />
                <SequencePoint vc="0" uspid="738" ordinal="0" offset="19" sl="11" sc="0" el="11" ec="0" bec="0" bev="0" fileid="9" />
                <SequencePoint vc="0" uspid="739" ordinal="0" offset="52" sl="12" sc="0" el="12" ec="0" bec="0" bev="0" fileid="9" />
              </SequencePoints>
              <BranchPoints />
            </Method>
            <Method visited="false" cyclomaticComplexity="0" nPathComplexity="0" sequenceCoverage="0.0" branchCoverage="0" crapScore="0" isConstructor="false" isStatic="false" isGetter="false" isSetter="false">
              <Summary numSequencePoints="6" visitedSequencePoints="0" numBranchPoints="0" visitedBranchPoints="0" sequenceCoverage="0.0" branchCoverage="0" maxCyclomaticComplexity="0" minCyclomaticComplexity="0" maxCrapScore="0" minCrapScore="0" visitedClasses="0" numClasses="0" visitedMethods="0" numMethods="1" />
              <MetadataToken>100663345</MetadataToken>
              <Name>System.Void CameraFollow::LateUpdate()</Name>
              <FileRef uid="9" />
              <SequencePoints>
                <SequencePoint vc="0" uspid="740" ordinal="0" offset="0" sl="14" sc="0" el="14" ec="0" bec="0" bev="0" fileid="9" />
                <SequencePoint vc="0" uspid="741" ordinal="0" offset="1" sl="15" sc="0" el="15" ec="0" bec="0" bev="0" fileid="9" />
                <SequencePoint vc="0" uspid="742" ordinal="0" offset="17" sl="15" sc="0" el="15" ec="0" bec="0" bev="0" fileid="9" />
                <SequencePoint vc="0" uspid="743" ordinal="0" offset="19" sl="17" sc="0" el="17" ec="0" bec="0" bev="0" fileid="9" />
                <SequencePoint vc="0" uspid="744" ordinal="0" offset="86" sl="23" sc="0" el="23" ec="0" bec="0" bev="0" fileid="9" />
                <SequencePoint vc="0" uspid="745" ordinal="0" offset="127" sl="24" sc="0" el="24" ec="0" bec="0" bev="0" fileid="9" />
              </SequencePoints>
              <BranchPoints />
            </Method>
            <Method visited="false" cyclomaticComplexity="0" nPathComplexity="0" sequenceCoverage="0.0" branchCoverage="0" crapScore="0" isConstructor="true" isStatic="false" isGetter="false" isSetter="false">
              <Summary numSequencePoints="1" visitedSequencePoints="0" numBranchPoints="0" visitedBranchPoints="0" sequenceCoverage="0.0" branchCoverage="0" maxCyclomaticComplexity="0" minCyclomaticComplexity="0" maxCrapScore="0" minCrapScore="0" visitedClasses="0" numClasses="0" visitedMethods="0" numMethods="1" />
              <MetadataToken>100663346</MetadataToken>
              <Name>CameraFollow::CameraFollow()</Name>
              <FileRef uid="9" />
              <SequencePoints>
                <SequencePoint vc="0" uspid="746" ordinal="0" offset="0" sl="5" sc="22" el="5" ec="22" bec="0" bev="0" fileid="9" />
              </SequencePoints>
              <BranchPoints />
            </Method>
          </Methods>
        </Class>
        <Class>
          <Summary numSequencePoints="11" visitedSequencePoints="0" numBranchPoints="0" visitedBranchPoints="0" sequenceCoverage="0.0" branchCoverage="0.0" maxCyclomaticComplexity="0" minCyclomaticComplexity="0" maxCrapScore="0" minCrapScore="0" visitedClasses="0" numClasses="1" visitedMethods="0" numMethods="2" />
          <FullName>CarView</FullName>
          <Methods>
            <Method visited="false" cyclomaticComplexity="0" nPathComplexity="0" sequenceCoverage="0.0" branchCoverage="0" crapScore="0" isConstructor="false" isStatic="false" isGetter="false" isSetter="false">
              <Summary numSequencePoints="6" visitedSequencePoints="0" numBranchPoints="0" visitedBranchPoints="0" sequenceCoverage="0.0" branchCoverage="0" maxCyclomaticComplexity="0" minCyclomaticComplexity="0" maxCrapScore="0" minCrapScore="0" visitedClasses="0" numClasses="0" visitedMethods="0" numMethods="1" />
              <MetadataToken>100663347</MetadataToken>
              <Name>System.Void CarView::Init(CarModel, System.Single)</Name>
              <FileRef uid="10" />
              <SequencePoints>
                <SequencePoint vc="0" uspid="747" ordinal="0" offset="0" sl="7" sc="0" el="7" ec="0" bec="0" bev="0" fileid="10" />
                <SequencePoint vc="0" uspid="748" ordinal="0" offset="1" sl="8" sc="0" el="8" ec="0" bec="0" bev="0" fileid="10" />
                <SequencePoint vc="0" uspid="749" ordinal="0" offset="8" sl="9" sc="0" el="9" ec="0" bec="0" bev="0" fileid="10" />
                <SequencePoint vc="0" uspid="750" ordinal="0" offset="15" sl="11" sc="0" el="11" ec="0" bec="0" bev="0" fileid="10" />
                <SequencePoint vc="0" uspid="751" ordinal="0" offset="41" sl="12" sc="0" el="12" ec="0" bec="0" bev="0" fileid="10" />
                <SequencePoint vc="0" uspid="752" ordinal="0" offset="69" sl="13" sc="0" el="13" ec="0" bec="0" bev="0" fileid="10" />
              </SequencePoints>
              <BranchPoints />
            </Method>
            <Method visited="false" cyclomaticComplexity="0" nPathComplexity="0" sequenceCoverage="0.0" branchCoverage="0" crapScore="0" isConstructor="false" isStatic="false" isGetter="false" isSetter="false">
              <Summary numSequencePoints="5" visitedSequencePoints="0" numBranchPoints="0" visitedBranchPoints="0" sequenceCoverage="0.0" branchCoverage="0" maxCyclomaticComplexity="0" minCyclomaticComplexity="0" maxCrapScore="0" minCrapScore="0" visitedClasses="0" numClasses="0" visitedMethods="0" numMethods="1" />
              <MetadataToken>100663348</MetadataToken>
              <Name>System.Void CarView::Update()</Name>
              <FileRef uid="10" />
              <SequencePoints>
                <SequencePoint vc="0" uspid="753" ordinal="0" offset="0" sl="15" sc="0" el="15" ec="0" bec="0" bev="0" fileid="10" />
                <SequencePoint vc="0" uspid="754" ordinal="0" offset="1" sl="16" sc="0" el="16" ec="0" bec="0" bev="0" fileid="10" />
                <SequencePoint vc="0" uspid="755" ordinal="0" offset="14" sl="16" sc="0" el="16" ec="0" bec="0" bev="0" fileid="10" />
                <SequencePoint vc="0" uspid="756" ordinal="0" offset="16" sl="17" sc="0" el="17" ec="0" bec="0" bev="0" fileid="10" />
                <SequencePoint vc="0" uspid="757" ordinal="0" offset="66" sl="22" sc="0" el="22" ec="0" bec="0" bev="0" fileid="10" />
              </SequencePoints>
              <BranchPoints />
            </Method>
          </Methods>
        </Class>
        <Class>
          <Summary numSequencePoints="28" visitedSequencePoints="0" numBranchPoints="0" visitedBranchPoints="0" sequenceCoverage="0.0" branchCoverage="0.0" maxCyclomaticComplexity="0" minCyclomaticComplexity="0" maxCrapScore="0" minCrapScore="0" visitedClasses="0" numClasses="1" visitedMethods="0" numMethods="5" />
          <FullName>LaneView</FullName>
          <Methods>
            <Method visited="false" cyclomaticComplexity="0" nPathComplexity="0" sequenceCoverage="0.0" branchCoverage="0" crapScore="0" isConstructor="false" isStatic="false" isGetter="false" isSetter="false">
              <Summary numSequencePoints="6" visitedSequencePoints="0" numBranchPoints="0" visitedBranchPoints="0" sequenceCoverage="0.0" branchCoverage="0" maxCyclomaticComplexity="0" minCyclomaticComplexity="0" maxCrapScore="0" minCrapScore="0" visitedClasses="0" numClasses="0" visitedMethods="0" numMethods="1" />
              <MetadataToken>100663350</MetadataToken>
              <Name>System.Void LaneView::Init(LaneModel, System.Single)</Name>
              <FileRef uid="11" />
              <SequencePoints>
                <SequencePoint vc="0" uspid="758" ordinal="0" offset="0" sl="10" sc="0" el="10" ec="0" bec="0" bev="0" fileid="11" />
                <SequencePoint vc="0" uspid="759" ordinal="0" offset="1" sl="11" sc="0" el="11" ec="0" bec="0" bev="0" fileid="11" />
                <SequencePoint vc="0" uspid="760" ordinal="0" offset="8" sl="12" sc="0" el="12" ec="0" bec="0" bev="0" fileid="11" />
                <SequencePoint vc="0" uspid="761" ordinal="0" offset="15" sl="13" sc="0" el="13" ec="0" bec="0" bev="0" fileid="11" />
                <SequencePoint vc="0" uspid="762" ordinal="0" offset="34" sl="14" sc="0" el="14" ec="0" bec="0" bev="0" fileid="11" />
                <SequencePoint vc="0" uspid="763" ordinal="0" offset="53" sl="15" sc="0" el="15" ec="0" bec="0" bev="0" fileid="11" />
              </SequencePoints>
              <BranchPoints />
            </Method>
            <Method visited="false" cyclomaticComplexity="0" nPathComplexity="0" sequenceCoverage="0.0" branchCoverage="0" crapScore="0" isConstructor="false" isStatic="false" isGetter="false" isSetter="false">
              <Summary numSequencePoints="7" visitedSequencePoints="0" numBranchPoints="0" visitedBranchPoints="0" sequenceCoverage="0.0" branchCoverage="0" maxCyclomaticComplexity="0" minCyclomaticComplexity="0" maxCrapScore="0" minCrapScore="0" visitedClasses="0" numClasses="0" visitedMethods="0" numMethods="1" />
              <MetadataToken>100663351</MetadataToken>
              <Name>System.Void LaneView::HandleCarSpawned(CarModel)</Name>
              <FileRef uid="11" />
              <SequencePoints>
                <SequencePoint vc="0" uspid="764" ordinal="0" offset="0" sl="16" sc="0" el="16" ec="0" bec="0" bev="0" fileid="11" />
                <SequencePoint vc="0" uspid="765" ordinal="0" offset="1" sl="17" sc="0" el="17" ec="0" bec="0" bev="0" fileid="11" />
                <SequencePoint vc="0" uspid="766" ordinal="0" offset="23" sl="18" sc="0" el="18" ec="0" bec="0" bev="0" fileid="11" />
                <SequencePoint vc="0" uspid="767" ordinal="0" offset="36" sl="19" sc="0" el="19" ec="0" bec="0" bev="0" fileid="11" />
                <SequencePoint vc="0" uspid="768" ordinal="0" offset="43" sl="20" sc="0" el="20" ec="0" bec="0" bev="0" fileid="11" />
                <SequencePoint vc="0" uspid="769" ordinal="0" offset="57" sl="21" sc="0" el="21" ec="0" bec="0" bev="0" fileid="11" />
                <SequencePoint vc="0" uspid="770" ordinal="0" offset="71" sl="22" sc="0" el="22" ec="0" bec="0" bev="0" fileid="11" />
              </SequencePoints>
              <BranchPoints />
            </Method>
            <Method visited="false" cyclomaticComplexity="0" nPathComplexity="0" sequenceCoverage="0.0" branchCoverage="0" crapScore="0" isConstructor="false" isStatic="false" isGetter="false" isSetter="false">
              <Summary numSequencePoints="7" visitedSequencePoints="0" numBranchPoints="0" visitedBranchPoints="0" sequenceCoverage="0.0" branchCoverage="0" maxCyclomaticComplexity="0" minCyclomaticComplexity="0" maxCrapScore="0" minCrapScore="0" visitedClasses="0" numClasses="0" visitedMethods="0" numMethods="1" />
              <MetadataToken>100663352</MetadataToken>
              <Name>System.Void LaneView::HandleCarDeSpawned(CarModel)</Name>
              <FileRef uid="11" />
              <SequencePoints>
                <SequencePoint vc="0" uspid="771" ordinal="0" offset="0" sl="24" sc="0" el="24" ec="0" bec="0" bev="0" fileid="11" />
                <SequencePoint vc="0" uspid="772" ordinal="0" offset="1" sl="25" sc="0" el="25" ec="0" bec="0" bev="0" fileid="11" />
                <SequencePoint vc="0" uspid="773" ordinal="0" offset="19" sl="25" sc="0" el="25" ec="0" bec="0" bev="0" fileid="11" />
                <SequencePoint vc="0" uspid="774" ordinal="0" offset="20" sl="26" sc="0" el="26" ec="0" bec="0" bev="0" fileid="11" />
                <SequencePoint vc="0" uspid="775" ordinal="0" offset="27" sl="27" sc="0" el="27" ec="0" bec="0" bev="0" fileid="11" />
                <SequencePoint vc="0" uspid="776" ordinal="0" offset="40" sl="28" sc="0" el="28" ec="0" bec="0" bev="0" fileid="11" />
                <SequencePoint vc="0" uspid="777" ordinal="0" offset="41" sl="29" sc="0" el="29" ec="0" bec="0" bev="0" fileid="11" />
              </SequencePoints>
              <BranchPoints />
            </Method>
            <Method visited="false" cyclomaticComplexity="0" nPathComplexity="0" sequenceCoverage="0.0" branchCoverage="0" crapScore="0" isConstructor="false" isStatic="false" isGetter="false" isSetter="false">
              <Summary numSequencePoints="7" visitedSequencePoints="0" numBranchPoints="0" visitedBranchPoints="0" sequenceCoverage="0.0" branchCoverage="0" maxCyclomaticComplexity="0" minCyclomaticComplexity="0" maxCrapScore="0" minCrapScore="0" visitedClasses="0" numClasses="0" visitedMethods="0" numMethods="1" />
              <MetadataToken>100663353</MetadataToken>
              <Name>System.Void LaneView::OnDestroy()</Name>
              <FileRef uid="11" />
              <SequencePoints>
                <SequencePoint vc="0" uspid="778" ordinal="0" offset="0" sl="31" sc="0" el="31" ec="0" bec="0" bev="0" fileid="11" />
                <SequencePoint vc="0" uspid="779" ordinal="0" offset="1" sl="32" sc="0" el="32" ec="0" bec="0" bev="0" fileid="11" />
                <SequencePoint vc="0" uspid="780" ordinal="0" offset="14" sl="32" sc="0" el="32" ec="0" bec="0" bev="0" fileid="11" />
                <SequencePoint vc="0" uspid="781" ordinal="0" offset="15" sl="33" sc="0" el="33" ec="0" bec="0" bev="0" fileid="11" />
                <SequencePoint vc="0" uspid="782" ordinal="0" offset="39" sl="34" sc="0" el="34" ec="0" bec="0" bev="0" fileid="11" />
                <SequencePoint vc="0" uspid="783" ordinal="0" offset="63" sl="35" sc="0" el="35" ec="0" bec="0" bev="0" fileid="11" />
                <SequencePoint vc="0" uspid="784" ordinal="0" offset="64" sl="36" sc="0" el="36" ec="0" bec="0" bev="0" fileid="11" />
              </SequencePoints>
              <BranchPoints />
            </Method>
            <Method visited="false" cyclomaticComplexity="0" nPathComplexity="0" sequenceCoverage="0.0" branchCoverage="0" crapScore="0" isConstructor="true" isStatic="false" isGetter="false" isSetter="false">
              <Summary numSequencePoints="1" visitedSequencePoints="0" numBranchPoints="0" visitedBranchPoints="0" sequenceCoverage="0.0" branchCoverage="0" maxCyclomaticComplexity="0" minCyclomaticComplexity="0" maxCrapScore="0" minCrapScore="0" visitedClasses="0" numClasses="0" visitedMethods="0" numMethods="1" />
              <MetadataToken>100663354</MetadataToken>
              <Name>LaneView::LaneView()</Name>
              <FileRef uid="11" />
              <SequencePoints>
                <SequencePoint vc="0" uspid="785" ordinal="0" offset="0" sl="8" sc="5" el="8" ec="5" bec="0" bev="0" fileid="11" />
              </SequencePoints>
              <BranchPoints />
            </Method>
          </Methods>
        </Class>
        <Class>
          <Summary numSequencePoints="26" visitedSequencePoints="0" numBranchPoints="0" visitedBranchPoints="0" sequenceCoverage="0.0" branchCoverage="0.0" maxCyclomaticComplexity="0" minCyclomaticComplexity="0" maxCrapScore="0" minCrapScore="0" visitedClasses="0" numClasses="1" visitedMethods="0" numMethods="5" />
          <FullName>PlayerAudioView</FullName>
          <Methods>
            <Method visited="false" cyclomaticComplexity="0" nPathComplexity="0" sequenceCoverage="0.0" branchCoverage="0" crapScore="0" isConstructor="false" isStatic="false" isGetter="false" isSetter="false">
              <Summary numSequencePoints="6" visitedSequencePoints="0" numBranchPoints="0" visitedBranchPoints="0" sequenceCoverage="0.0" branchCoverage="0" maxCyclomaticComplexity="0" minCyclomaticComplexity="0" maxCrapScore="0" minCrapScore="0" visitedClasses="0" numClasses="0" visitedMethods="0" numMethods="1" />
              <MetadataToken>100663355</MetadataToken>
              <Name>System.Void PlayerAudioView::Init(PlayerModel)</Name>
              <FileRef uid="12" />
              <SequencePoints>
                <SequencePoint vc="0" uspid="786" ordinal="0" offset="0" sl="12" sc="0" el="12" ec="0" bec="0" bev="0" fileid="12" />
                <SequencePoint vc="0" uspid="787" ordinal="0" offset="1" sl="13" sc="0" el="13" ec="0" bec="0" bev="0" fileid="12" />
                <SequencePoint vc="0" uspid="788" ordinal="0" offset="8" sl="14" sc="0" el="14" ec="0" bec="0" bev="0" fileid="12" />
                <SequencePoint vc="0" uspid="789" ordinal="0" offset="27" sl="15" sc="0" el="15" ec="0" bec="0" bev="0" fileid="12" />
                <SequencePoint vc="0" uspid="790" ordinal="0" offset="46" sl="16" sc="0" el="16" ec="0" bec="0" bev="0" fileid="12" />
                <SequencePoint vc="0" uspid="791" ordinal="0" offset="65" sl="17" sc="0" el="17" ec="0" bec="0" bev="0" fileid="12" />
              </SequencePoints>
              <BranchPoints />
            </Method>
            <Method visited="false" cyclomaticComplexity="0" nPathComplexity="0" sequenceCoverage="0.0" branchCoverage="0" crapScore="0" isConstructor="false" isStatic="false" isGetter="false" isSetter="false">
              <Summary numSequencePoints="4" visitedSequencePoints="0" numBranchPoints="0" visitedBranchPoints="0" sequenceCoverage="0.0" branchCoverage="0" maxCyclomaticComplexity="0" minCyclomaticComplexity="0" maxCrapScore="0" minCrapScore="0" visitedClasses="0" numClasses="0" visitedMethods="0" numMethods="1" />
              <MetadataToken>100663356</MetadataToken>
              <Name>System.Void PlayerAudioView::HandleReachedGoal()</Name>
              <FileRef uid="12" />
              <SequencePoints>
                <SequencePoint vc="0" uspid="792" ordinal="0" offset="0" sl="19" sc="0" el="19" ec="0" bec="0" bev="0" fileid="12" />
                <SequencePoint vc="0" uspid="793" ordinal="0" offset="1" sl="20" sc="0" el="20" ec="0" bec="0" bev="0" fileid="12" />
                <SequencePoint vc="0" uspid="794" ordinal="0" offset="17" sl="20" sc="0" el="20" ec="0" bec="0" bev="0" fileid="12" />
                <SequencePoint vc="0" uspid="795" ordinal="0" offset="35" sl="21" sc="0" el="21" ec="0" bec="0" bev="0" fileid="12" />
              </SequencePoints>
              <BranchPoints />
            </Method>
            <Method visited="false" cyclomaticComplexity="0" nPathComplexity="0" sequenceCoverage="0.0" branchCoverage="0" crapScore="0" isConstructor="false" isStatic="false" isGetter="false" isSetter="false">
              <Summary numSequencePoints="4" visitedSequencePoints="0" numBranchPoints="0" visitedBranchPoints="0" sequenceCoverage="0.0" branchCoverage="0" maxCyclomaticComplexity="0" minCyclomaticComplexity="0" maxCrapScore="0" minCrapScore="0" visitedClasses="0" numClasses="0" visitedMethods="0" numMethods="1" />
              <MetadataToken>100663357</MetadataToken>
              <Name>System.Void PlayerAudioView::HandleDied()</Name>
              <FileRef uid="12" />
              <SequencePoints>
                <SequencePoint vc="0" uspid="796" ordinal="0" offset="0" sl="23" sc="0" el="23" ec="0" bec="0" bev="0" fileid="12" />
                <SequencePoint vc="0" uspid="797" ordinal="0" offset="1" sl="24" sc="0" el="24" ec="0" bec="0" bev="0" fileid="12" />
                <SequencePoint vc="0" uspid="798" ordinal="0" offset="17" sl="24" sc="0" el="24" ec="0" bec="0" bev="0" fileid="12" />
                <SequencePoint vc="0" uspid="799" ordinal="0" offset="35" sl="25" sc="0" el="25" ec="0" bec="0" bev="0" fileid="12" />
              </SequencePoints>
              <BranchPoints />
            </Method>
            <Method visited="false" cyclomaticComplexity="0" nPathComplexity="0" sequenceCoverage="0.0" branchCoverage="0" crapScore="0" isConstructor="false" isStatic="false" isGetter="false" isSetter="false">
              <Summary numSequencePoints="4" visitedSequencePoints="0" numBranchPoints="0" visitedBranchPoints="0" sequenceCoverage="0.0" branchCoverage="0" maxCyclomaticComplexity="0" minCyclomaticComplexity="0" maxCrapScore="0" minCrapScore="0" visitedClasses="0" numClasses="0" visitedMethods="0" numMethods="1" />
              <MetadataToken>100663358</MetadataToken>
              <Name>System.Void PlayerAudioView::HadleMoved(System.Int32)</Name>
              <FileRef uid="12" />
              <SequencePoints>
                <SequencePoint vc="0" uspid="800" ordinal="0" offset="0" sl="27" sc="0" el="27" ec="0" bec="0" bev="0" fileid="12" />
                <SequencePoint vc="0" uspid="801" ordinal="0" offset="1" sl="28" sc="0" el="28" ec="0" bec="0" bev="0" fileid="12" />
                <SequencePoint vc="0" uspid="802" ordinal="0" offset="17" sl="28" sc="0" el="28" ec="0" bec="0" bev="0" fileid="12" />
                <SequencePoint vc="0" uspid="803" ordinal="0" offset="35" sl="29" sc="0" el="29" ec="0" bec="0" bev="0" fileid="12" />
              </SequencePoints>
              <BranchPoints />
            </Method>
            <Method visited="false" cyclomaticComplexity="0" nPathComplexity="0" sequenceCoverage="0.0" branchCoverage="0" crapScore="0" isConstructor="false" isStatic="false" isGetter="false" isSetter="false">
              <Summary numSequencePoints="8" visitedSequencePoints="0" numBranchPoints="0" visitedBranchPoints="0" sequenceCoverage="0.0" branchCoverage="0" maxCyclomaticComplexity="0" minCyclomaticComplexity="0" maxCrapScore="0" minCrapScore="0" visitedClasses="0" numClasses="0" visitedMethods="0" numMethods="1" />
              <MetadataToken>100663359</MetadataToken>
              <Name>System.Void PlayerAudioView::OnDestroy()</Name>
              <FileRef uid="12" />
              <SequencePoints>
                <SequencePoint vc="0" uspid="804" ordinal="0" offset="0" sl="31" sc="0" el="31" ec="0" bec="0" bev="0" fileid="12" />
                <SequencePoint vc="0" uspid="805" ordinal="0" offset="1" sl="32" sc="0" el="32" ec="0" bec="0" bev="0" fileid="12" />
                <SequencePoint vc="0" uspid="806" ordinal="0" offset="14" sl="32" sc="0" el="32" ec="0" bec="0" bev="0" fileid="12" />
                <SequencePoint vc="0" uspid="807" ordinal="0" offset="15" sl="33" sc="0" el="33" ec="0" bec="0" bev="0" fileid="12" />
                <SequencePoint vc="0" uspid="808" ordinal="0" offset="39" sl="34" sc="0" el="34" ec="0" bec="0" bev="0" fileid="12" />
                <SequencePoint vc="0" uspid="809" ordinal="0" offset="63" sl="35" sc="0" el="35" ec="0" bec="0" bev="0" fileid="12" />
                <SequencePoint vc="0" uspid="810" ordinal="0" offset="87" sl="36" sc="0" el="36" ec="0" bec="0" bev="0" fileid="12" />
                <SequencePoint vc="0" uspid="811" ordinal="0" offset="88" sl="37" sc="0" el="37" ec="0" bec="0" bev="0" fileid="12" />
              </SequencePoints>
              <BranchPoints />
            </Method>
          </Methods>
        </Class>
        <Class>
          <Summary numSequencePoints="19" visitedSequencePoints="0" numBranchPoints="0" visitedBranchPoints="0" sequenceCoverage="0.0" branchCoverage="0.0" maxCyclomaticComplexity="0" minCyclomaticComplexity="0" maxCrapScore="0" minCrapScore="0" visitedClasses="0" numClasses="1" visitedMethods="0" numMethods="5" />
          <FullName>PlayerView</FullName>
          <Methods>
            <Method visited="false" cyclomaticComplexity="0" nPathComplexity="0" sequenceCoverage="0.0" branchCoverage="0" crapScore="0" isConstructor="false" isStatic="false" isGetter="false" isSetter="false">
              <Summary numSequencePoints="5" visitedSequencePoints="0" numBranchPoints="0" visitedBranchPoints="0" sequenceCoverage="0.0" branchCoverage="0" maxCyclomaticComplexity="0" minCyclomaticComplexity="0" maxCrapScore="0" minCrapScore="0" visitedClasses="0" numClasses="0" visitedMethods="0" numMethods="1" />
              <MetadataToken>100663361</MetadataToken>
              <Name>System.Void PlayerView::Init(PlayerModel)</Name>
              <FileRef uid="13" />
              <SequencePoints>
                <SequencePoint vc="0" uspid="812" ordinal="0" offset="0" sl="7" sc="0" el="7" ec="0" bec="0" bev="0" fileid="13" />
                <SequencePoint vc="0" uspid="813" ordinal="0" offset="1" sl="8" sc="0" el="8" ec="0" bec="0" bev="0" fileid="13" />
                <SequencePoint vc="0" uspid="814" ordinal="0" offset="8" sl="9" sc="0" el="9" ec="0" bec="0" bev="0" fileid="13" />
                <SequencePoint vc="0" uspid="815" ordinal="0" offset="27" sl="10" sc="0" el="10" ec="0" bec="0" bev="0" fileid="13" />
                <SequencePoint vc="0" uspid="816" ordinal="0" offset="46" sl="11" sc="0" el="11" ec="0" bec="0" bev="0" fileid="13" />
              </SequencePoints>
              <BranchPoints />
            </Method>
            <Method visited="false" cyclomaticComplexity="0" nPathComplexity="0" sequenceCoverage="0.0" branchCoverage="0" crapScore="0" isConstructor="false" isStatic="false" isGetter="false" isSetter="false">
              <Summary numSequencePoints="3" visitedSequencePoints="0" numBranchPoints="0" visitedBranchPoints="0" sequenceCoverage="0.0" branchCoverage="0" maxCyclomaticComplexity="0" minCyclomaticComplexity="0" maxCrapScore="0" minCrapScore="0" visitedClasses="0" numClasses="0" visitedMethods="0" numMethods="1" />
              <MetadataToken>100663362</MetadataToken>
              <Name>System.Void PlayerView::HandleMoved(System.Int32)</Name>
              <FileRef uid="13" />
              <SequencePoints>
                <SequencePoint vc="0" uspid="817" ordinal="0" offset="0" sl="13" sc="0" el="13" ec="0" bec="0" bev="0" fileid="13" />
                <SequencePoint vc="0" uspid="818" ordinal="0" offset="1" sl="14" sc="0" el="14" ec="0" bec="0" bev="0" fileid="13" />
                <SequencePoint vc="0" uspid="819" ordinal="0" offset="59" sl="19" sc="0" el="19" ec="0" bec="0" bev="0" fileid="13" />
              </SequencePoints>
              <BranchPoints />
            </Method>
            <Method visited="false" cyclomaticComplexity="0" nPathComplexity="0" sequenceCoverage="0.0" branchCoverage="0" crapScore="0" isConstructor="false" isStatic="false" isGetter="false" isSetter="false">
              <Summary numSequencePoints="3" visitedSequencePoints="0" numBranchPoints="0" visitedBranchPoints="0" sequenceCoverage="0.0" branchCoverage="0" maxCyclomaticComplexity="0" minCyclomaticComplexity="0" maxCrapScore="0" minCrapScore="0" visitedClasses="0" numClasses="0" visitedMethods="0" numMethods="1" />
              <MetadataToken>100663363</MetadataToken>
              <Name>System.Void PlayerView::HandleRespawned()</Name>
              <FileRef uid="13" />
              <SequencePoints>
                <SequencePoint vc="0" uspid="820" ordinal="0" offset="0" sl="21" sc="0" el="21" ec="0" bec="0" bev="0" fileid="13" />
                <SequencePoint vc="0" uspid="821" ordinal="0" offset="1" sl="22" sc="0" el="22" ec="0" bec="0" bev="0" fileid="13" />
                <SequencePoint vc="0" uspid="822" ordinal="0" offset="9" sl="23" sc="0" el="23" ec="0" bec="0" bev="0" fileid="13" />
              </SequencePoints>
              <BranchPoints />
            </Method>
            <Method visited="false" cyclomaticComplexity="0" nPathComplexity="0" sequenceCoverage="0.0" branchCoverage="0" crapScore="0" isConstructor="false" isStatic="false" isGetter="false" isSetter="false">
              <Summary numSequencePoints="7" visitedSequencePoints="0" numBranchPoints="0" visitedBranchPoints="0" sequenceCoverage="0.0" branchCoverage="0" maxCyclomaticComplexity="0" minCyclomaticComplexity="0" maxCrapScore="0" minCrapScore="0" visitedClasses="0" numClasses="0" visitedMethods="0" numMethods="1" />
              <MetadataToken>100663364</MetadataToken>
              <Name>System.Void PlayerView::OnDestroy()</Name>
              <FileRef uid="13" />
              <SequencePoints>
                <SequencePoint vc="0" uspid="823" ordinal="0" offset="0" sl="25" sc="0" el="25" ec="0" bec="0" bev="0" fileid="13" />
                <SequencePoint vc="0" uspid="824" ordinal="0" offset="1" sl="26" sc="0" el="26" ec="0" bec="0" bev="0" fileid="13" />
                <SequencePoint vc="0" uspid="825" ordinal="0" offset="14" sl="26" sc="0" el="26" ec="0" bec="0" bev="0" fileid="13" />
                <SequencePoint vc="0" uspid="826" ordinal="0" offset="15" sl="27" sc="0" el="27" ec="0" bec="0" bev="0" fileid="13" />
                <SequencePoint vc="0" uspid="827" ordinal="0" offset="39" sl="28" sc="0" el="28" ec="0" bec="0" bev="0" fileid="13" />
                <SequencePoint vc="0" uspid="828" ordinal="0" offset="63" sl="29" sc="0" el="29" ec="0" bec="0" bev="0" fileid="13" />
                <SequencePoint vc="0" uspid="829" ordinal="0" offset="64" sl="30" sc="0" el="30" ec="0" bec="0" bev="0" fileid="13" />
              </SequencePoints>
              <BranchPoints />
            </Method>
            <Method visited="false" cyclomaticComplexity="0" nPathComplexity="0" sequenceCoverage="0.0" branchCoverage="0" crapScore="0" isConstructor="true" isStatic="false" isGetter="false" isSetter="false">
              <Summary numSequencePoints="1" visitedSequencePoints="0" numBranchPoints="0" visitedBranchPoints="0" sequenceCoverage="0.0" branchCoverage="0" maxCyclomaticComplexity="0" minCyclomaticComplexity="0" maxCrapScore="0" minCrapScore="0" visitedClasses="0" numClasses="0" visitedMethods="0" numMethods="1" />
              <MetadataToken>100663365</MetadataToken>
              <Name>PlayerView::PlayerView()</Name>
              <FileRef uid="13" />
              <SequencePoints>
                <SequencePoint vc="0" uspid="830" ordinal="0" offset="0" sl="5" sc="5" el="5" ec="5" bec="0" bev="0" fileid="13" />
              </SequencePoints>
              <BranchPoints />
            </Method>
          </Methods>
        </Class>
        <Class>
          <Summary numSequencePoints="4" visitedSequencePoints="0" numBranchPoints="0" visitedBranchPoints="0" sequenceCoverage="0.0" branchCoverage="0.0" maxCyclomaticComplexity="0" minCyclomaticComplexity="0" maxCrapScore="0" minCrapScore="0" visitedClasses="0" numClasses="1" visitedMethods="0" numMethods="1" />
          <FullName>GameController/&lt;LoadWonAfterDelay&gt;d__15</FullName>
          <Methods>
            <Method visited="false" cyclomaticComplexity="0" nPathComplexity="0" sequenceCoverage="0.0" branchCoverage="0" crapScore="0" isConstructor="false" isStatic="false" isGetter="false" isSetter="false">
              <Summary numSequencePoints="4" visitedSequencePoints="0" numBranchPoints="0" visitedBranchPoints="0" sequenceCoverage="0.0" branchCoverage="0" maxCyclomaticComplexity="0" minCyclomaticComplexity="0" maxCrapScore="0" minCrapScore="0" visitedClasses="0" numClasses="0" visitedMethods="0" numMethods="1" />
              <MetadataToken>100663370</MetadataToken>
              <Name>System.Boolean GameController/&lt;LoadWonAfterDelay&gt;d__15::MoveNext()</Name>
              <FileRef uid="1" />
              <SequencePoints>
                <SequencePoint vc="0" uspid="831" ordinal="0" offset="31" sl="75" sc="0" el="75" ec="0" bec="0" bev="0" fileid="1" />
                <SequencePoint vc="0" uspid="832" ordinal="0" offset="32" sl="76" sc="0" el="76" ec="0" bec="0" bev="0" fileid="1" />
                <SequencePoint vc="0" uspid="833" ordinal="0" offset="64" sl="77" sc="0" el="77" ec="0" bec="0" bev="0" fileid="1" />
                <SequencePoint vc="0" uspid="834" ordinal="0" offset="75" sl="78" sc="0" el="78" ec="0" bec="0" bev="0" fileid="1" />
              </SequencePoints>
              <BranchPoints />
            </Method>
          </Methods>
        </Class>
      </Classes>
    </Module>
  </Modules>
</CoverageSession>