<?xml version="1.0" encoding="utf-8"?>
<CoverageSession xmlns:xsd="http://www.w3.org/2001/XMLSchema" xmlns:xsi="http://www.w3.org/2001/XMLSchema-instance" Version="0.0.0.0">
  <Summary numSequencePoints="44" visitedSequencePoints="43" numBranchPoints="0" visitedBranchPoints="0" sequenceCoverage="97.73" branchCoverage="0.0" maxCyclomaticComplexity="0" minCyclomaticComplexity="0" maxCrapScore="0" minCrapScore="0" visitedClasses="3" numClasses="3" visitedMethods="9" numMethods="9" />
  <Modules>
    <Module>
      <Summary numSequencePoints="44" visitedSequencePoints="43" numBranchPoints="0" visitedBranchPoints="0" sequenceCoverage="97.73" branchCoverage="0.0" maxCyclomaticComplexity="0" minCyclomaticComplexity="0" maxCrapScore="0" minCrapScore="0" visitedClasses="3" numClasses="3" visitedMethods="9" numMethods="9" />
      <ModuleTime>0001-01-01T00:00:00</ModuleTime>
      <ModuleName>Scripts</ModuleName>
      <Files>
        <File uid="1" fullPath="/home/df/Development/froggy/Assets/_Project/Scripts/Controller/GameController.cs" />
        <File uid="2" fullPath="/home/df/Development/froggy/Assets/_Project/Scripts/Controller/InputController.cs" />
        <File uid="3" fullPath="/home/df/Development/froggy/Assets/_Project/Scripts/Controller/SceneLoader.cs" />
        <File uid="4" fullPath="/home/df/Development/froggy/Assets/_Project/Scripts/Model/CarModel.cs" />
        <File uid="5" fullPath="/home/df/Development/froggy/Assets/_Project/Scripts/Model/CollisionDetector.cs" />
        <File uid="6" fullPath="/home/df/Development/froggy/Assets/_Project/Scripts/Model/GameStateModel.cs" />
        <File uid="7" fullPath="/home/df/Development/froggy/Assets/_Project/Scripts/Model/LaneModel.cs" />
        <File uid="8" fullPath="/home/df/Development/froggy/Assets/_Project/Scripts/Model/PlayerModel.cs" />
        <File uid="9" fullPath="/home/df/Development/froggy/Assets/_Project/Scripts/View/CameraFollow.cs" />
        <File uid="10" fullPath="/home/df/Development/froggy/Assets/_Project/Scripts/View/CarView.cs" />
        <File uid="11" fullPath="/home/df/Development/froggy/Assets/_Project/Scripts/View/LaneView.cs" />
        <File uid="12" fullPath="/home/df/Development/froggy/Assets/_Project/Scripts/View/PlayerAudioView.cs" />
        <File uid="13" fullPath="/home/df/Development/froggy/Assets/_Project/Scripts/View/PlayerView.cs" />
      </Files>
      <Classes>
        <Class>
          <Summary numSequencePoints="3" visitedSequencePoints="3" numBranchPoints="0" visitedBranchPoints="0" sequenceCoverage="100.0" branchCoverage="0.0" maxCyclomaticComplexity="0" minCyclomaticComplexity="0" maxCrapScore="0" minCrapScore="0" visitedClasses="1" numClasses="1" visitedMethods="1" numMethods="1" />
          <FullName>CarModel</FullName>
          <Methods>
            <Method visited="true" cyclomaticComplexity="0" nPathComplexity="0" sequenceCoverage="100.0" branchCoverage="0" crapScore="0" isConstructor="false" isStatic="false" isGetter="false" isSetter="false">
              <Summary numSequencePoints="3" visitedSequencePoints="3" numBranchPoints="0" visitedBranchPoints="0" sequenceCoverage="100.0" branchCoverage="0" maxCyclomaticComplexity="0" minCyclomaticComplexity="0" maxCrapScore="0" minCrapScore="0" visitedClasses="0" numClasses="0" visitedMethods="1" numMethods="1" />
              <MetadataToken>100663310</MetadataToken>
              <Name>System.Void CarModel::Tick(System.Single)</Name>
              <FileRef uid="4" />
              <SequencePoints>
                <SequencePoint vc="2" uspid="358" ordinal="0" offset="0" sl="6" sc="37" el="6" ec="37" bec="0" bev="0" fileid="4" />
                <SequencePoint vc="2" uspid="359" ordinal="0" offset="1" sl="7" sc="5" el="7" ec="5" bec="0" bev="0" fileid="4" />
                <SequencePoint vc="2" uspid="360" ordinal="0" offset="22" sl="8" sc="3" el="8" ec="3" bec="0" bev="0" fileid="4" />
              </SequencePoints>
              <BranchPoints />
            </Method>
          </Methods>
        </Class>
        <Class>
          <Summary numSequencePoints="3" visitedSequencePoints="3" numBranchPoints="0" visitedBranchPoints="0" sequenceCoverage="100.0" branchCoverage="0.0" maxCyclomaticComplexity="0" minCyclomaticComplexity="0" maxCrapScore="0" minCrapScore="0" visitedClasses="1" numClasses="1" visitedMethods="1" numMethods="1" />
          <FullName>CollisionDetector</FullName>
          <Methods>
            <Method visited="true" cyclomaticComplexity="0" nPathComplexity="0" sequenceCoverage="100.0" branchCoverage="0" crapScore="0" isConstructor="false" isStatic="true" isGetter="false" isSetter="false">
              <Summary numSequencePoints="3" visitedSequencePoints="3" numBranchPoints="0" visitedBranchPoints="0" sequenceCoverage="100.0" branchCoverage="0" maxCyclomaticComplexity="0" minCyclomaticComplexity="0" maxCrapScore="0" minCrapScore="0" visitedClasses="0" numClasses="0" visitedMethods="1" numMethods="1" />
              <MetadataToken>100663312</MetadataToken>
              <Name>static System.Boolean CollisionDetector::OverLaps(System.Single, System.Single, System.Single, System.Single)</Name>
              <FileRef uid="5" />
              <SequencePoints>
                <SequencePoint vc="4" uspid="361" ordinal="0" offset="0" sl="4" sc="97" el="4" ec="97" bec="0" bev="0" fileid="5" />
                <SequencePoint vc="4" uspid="362" ordinal="0" offset="1" sl="5" sc="5" el="5" ec="5" bec="0" bev="0" fileid="5" />
                <SequencePoint vc="4" uspid="363" ordinal="0" offset="23" sl="6" sc="3" el="6" ec="3" bec="0" bev="0" fileid="5" />
              </SequencePoints>
              <BranchPoints />
            </Method>
          </Methods>
        </Class>
        <Class>
          <Summary numSequencePoints="38" visitedSequencePoints="37" numBranchPoints="0" visitedBranchPoints="0" sequenceCoverage="97.37" branchCoverage="0.0" maxCyclomaticComplexity="0" minCyclomaticComplexity="0" maxCrapScore="0" minCrapScore="0" visitedClasses="1" numClasses="1" visitedMethods="7" numMethods="7" />
          <FullName>PlayerModel</FullName>
          <Methods>
            <Method visited="true" cyclomaticComplexity="0" nPathComplexity="0" sequenceCoverage="100.0" branchCoverage="0" crapScore="0" isConstructor="false" isStatic="false" isGetter="true" isSetter="false">
              <Summary numSequencePoints="1" visitedSequencePoints="1" numBranchPoints="0" visitedBranchPoints="0" sequenceCoverage="100.0" branchCoverage="0" maxCyclomaticComplexity="0" minCyclomaticComplexity="0" maxCrapScore="0" minCrapScore="0" visitedClasses="0" numClasses="0" visitedMethods="1" numMethods="1" />
              <MetadataToken>100663329</MetadataToken>
              <Name>System.Int32 PlayerModel::get_CurrentRow()</Name>
              <FileRef uid="8" />
              <SequencePoints>
                <SequencePoint vc="122" uspid="419" ordinal="0" offset="0" sl="4" sc="27" el="4" ec="27" bec="0" bev="0" fileid="8" />
              </SequencePoints>
              <BranchPoints />
            </Method>
            <Method visited="true" cyclomaticComplexity="0" nPathComplexity="0" sequenceCoverage="100.0" branchCoverage="0" crapScore="0" isConstructor="false" isStatic="false" isGetter="false" isSetter="true">
              <Summary numSequencePoints="1" visitedSequencePoints="1" numBranchPoints="0" visitedBranchPoints="0" sequenceCoverage="100.0" branchCoverage="0" maxCyclomaticComplexity="0" minCyclomaticComplexity="0" maxCrapScore="0" minCrapScore="0" visitedClasses="0" numClasses="0" visitedMethods="1" numMethods="1" />
              <MetadataToken>100663330</MetadataToken>
              <Name>System.Void PlayerModel::set_CurrentRow(System.Int32)</Name>
              <FileRef uid="8" />
              <SequencePoints>
                <SequencePoint vc="47" uspid="420" ordinal="0" offset="0" sl="4" sc="32" el="4" ec="32" bec="0" bev="0" fileid="8" />
              </SequencePoints>
              <BranchPoints />
            </Method>
            <Method visited="true" cyclomaticComplexity="0" nPathComplexity="0" sequenceCoverage="100.0" branchCoverage="0" crapScore="0" isConstructor="false" isStatic="false" isGetter="false" isSetter="false">
              <Summary numSequencePoints="12" visitedSequencePoints="12" numBranchPoints="0" visitedBranchPoints="0" sequenceCoverage="100.0" branchCoverage="0" maxCyclomaticComplexity="0" minCyclomaticComplexity="0" maxCrapScore="0" minCrapScore="0" visitedClasses="0" numClasses="0" visitedMethods="1" numMethods="1" />
              <MetadataToken>100663340</MetadataToken>
              <Name>System.Void PlayerModel::MoveForward()</Name>
              <FileRef uid="8" />
              <SequencePoints>
                <SequencePoint vc="39" uspid="421" ordinal="0" offset="0" sl="19" sc="29" el="19" ec="29" bec="0" bev="0" fileid="8" />
                <SequencePoint vc="39" uspid="422" ordinal="0" offset="1" sl="20" sc="5" el="20" ec="5" bec="0" bev="0" fileid="8" />
                <SequencePoint vc="2" uspid="423" ordinal="0" offset="14" sl="20" sc="19" el="20" ec="19" bec="0" bev="0" fileid="8" />
                <SequencePoint vc="37" uspid="424" ordinal="0" offset="16" sl="22" sc="5" el="22" ec="5" bec="0" bev="0" fileid="8" />
                <SequencePoint vc="13" uspid="425" ordinal="0" offset="39" sl="22" sc="38" el="22" ec="38" bec="0" bev="0" fileid="8" />
                <SequencePoint vc="24" uspid="426" ordinal="0" offset="41" sl="24" sc="5" el="24" ec="5" bec="0" bev="0" fileid="8" />
                <SequencePoint vc="24" uspid="427" ordinal="0" offset="58" sl="25" sc="5" el="25" ec="5" bec="0" bev="0" fileid="8" />
                <SequencePoint vc="24" uspid="428" ordinal="0" offset="82" sl="27" sc="5" el="27" ec="5" bec="0" bev="0" fileid="8" />
                <SequencePoint vc="6" uspid="429" ordinal="0" offset="102" sl="27" sc="38" el="27" ec="38" bec="0" bev="0" fileid="8" />
                <SequencePoint vc="6" uspid="430" ordinal="0" offset="103" sl="28" sc="7" el="28" ec="7" bec="0" bev="0" fileid="8" />
                <SequencePoint vc="6" uspid="431" ordinal="0" offset="121" sl="29" sc="5" el="29" ec="5" bec="0" bev="0" fileid="8" />
                <SequencePoint vc="39" uspid="432" ordinal="0" offset="122" sl="30" sc="3" el="30" ec="3" bec="0" bev="0" fileid="8" />
              </SequencePoints>
              <BranchPoints />
            </Method>
            <Method visited="true" cyclomaticComplexity="0" nPathComplexity="0" sequenceCoverage="88.89" branchCoverage="0" crapScore="0" isConstructor="false" isStatic="false" isGetter="false" isSetter="false">
              <Summary numSequencePoints="9" visitedSequencePoints="8" numBranchPoints="0" visitedBranchPoints="0" sequenceCoverage="88.89" branchCoverage="0" maxCyclomaticComplexity="0" minCyclomaticComplexity="0" maxCrapScore="0" minCrapScore="0" visitedClasses="0" numClasses="0" visitedMethods="1" numMethods="1" />
              <MetadataToken>100663341</MetadataToken>
              <Name>System.Void PlayerModel::MoveBackwards()</Name>
              <FileRef uid="8" />
              <SequencePoints>
                <SequencePoint vc="15" uspid="433" ordinal="0" offset="0" sl="32" sc="31" el="32" ec="31" bec="0" bev="0" fileid="8" />
                <SequencePoint vc="15" uspid="434" ordinal="0" offset="1" sl="33" sc="5" el="33" ec="5" bec="0" bev="0" fileid="8" />
                <SequencePoint vc="0" uspid="435" ordinal="0" offset="14" sl="33" sc="19" el="33" ec="19" bec="0" bev="0" fileid="8" />
                <SequencePoint vc="15" uspid="436" ordinal="0" offset="16" sl="35" sc="5" el="35" ec="5" bec="0" bev="0" fileid="8" />
                <SequencePoint vc="9" uspid="437" ordinal="0" offset="29" sl="35" sc="25" el="35" ec="25" bec="0" bev="0" fileid="8" />
                <SequencePoint vc="9" uspid="438" ordinal="0" offset="30" sl="36" sc="7" el="36" ec="7" bec="0" bev="0" fileid="8" />
                <SequencePoint vc="9" uspid="439" ordinal="0" offset="47" sl="37" sc="7" el="37" ec="7" bec="0" bev="0" fileid="8" />
                <SequencePoint vc="9" uspid="440" ordinal="0" offset="71" sl="38" sc="5" el="38" ec="5" bec="0" bev="0" fileid="8" />
                <SequencePoint vc="15" uspid="441" ordinal="0" offset="72" sl="39" sc="3" el="39" ec="3" bec="0" bev="0" fileid="8" />
              </SequencePoints>
              <BranchPoints />
            </Method>
            <Method visited="true" cyclomaticComplexity="0" nPathComplexity="0" sequenceCoverage="100.0" branchCoverage="0" crapScore="0" isConstructor="false" isStatic="false" isGetter="false" isSetter="false">
              <Summary numSequencePoints="4" visitedSequencePoints="4" numBranchPoints="0" visitedBranchPoints="0" sequenceCoverage="100.0" branchCoverage="0" maxCyclomaticComplexity="0" minCyclomaticComplexity="0" maxCrapScore="0" minCrapScore="0" visitedClasses="0" numClasses="0" visitedMethods="1" numMethods="1" />
              <MetadataToken>100663342</MetadataToken>
              <Name>System.Void PlayerModel::Die()</Name>
              <FileRef uid="8" />
              <SequencePoints>
                <SequencePoint vc="3" uspid="442" ordinal="0" offset="0" sl="41" sc="21" el="41" ec="21" bec="0" bev="0" fileid="8" />
                <SequencePoint vc="3" uspid="443" ordinal="0" offset="1" sl="42" sc="5" el="42" ec="5" bec="0" bev="0" fileid="8" />
                <SequencePoint vc="3" uspid="444" ordinal="0" offset="8" sl="43" sc="5" el="43" ec="5" bec="0" bev="0" fileid="8" />
                <SequencePoint vc="3" uspid="445" ordinal="0" offset="26" sl="44" sc="3" el="44" ec="3" bec="0" bev="0" fileid="8" />
              </SequencePoints>
              <BranchPoints />
            </Method>
            <Method visited="true" cyclomaticComplexity="0" nPathComplexity="0" sequenceCoverage="100.0" branchCoverage="0" crapScore="0" isConstructor="false" isStatic="false" isGetter="false" isSetter="false">
              <Summary numSequencePoints="5" visitedSequencePoints="5" numBranchPoints="0" visitedBranchPoints="0" sequenceCoverage="100.0" branchCoverage="0" maxCyclomaticComplexity="0" minCyclomaticComplexity="0" maxCrapScore="0" minCrapScore="0" visitedClasses="0" numClasses="0" visitedMethods="1" numMethods="1" />
              <MetadataToken>100663343</MetadataToken>
              <Name>System.Void PlayerModel::Respawn()</Name>
              <FileRef uid="8" />
              <SequencePoints>
                <SequencePoint vc="1" uspid="446" ordinal="0" offset="0" sl="46" sc="25" el="46" ec="25" bec="0" bev="0" fileid="8" />
                <SequencePoint vc="1" uspid="447" ordinal="0" offset="1" sl="47" sc="5" el="47" ec="5" bec="0" bev="0" fileid="8" />
                <SequencePoint vc="1" uspid="448" ordinal="0" offset="9" sl="48" sc="5" el="48" ec="5" bec="0" bev="0" fileid="8" />
                <SequencePoint vc="1" uspid="449" ordinal="0" offset="16" sl="49" sc="5" el="49" ec="5" bec="0" bev="0" fileid="8" />
                <SequencePoint vc="1" uspid="450" ordinal="0" offset="34" sl="50" sc="3" el="50" ec="3" bec="0" bev="0" fileid="8" />
              </SequencePoints>
              <BranchPoints />
            </Method>
            <Method visited="true" cyclomaticComplexity="0" nPathComplexity="0" sequenceCoverage="100.0" branchCoverage="0" crapScore="0" isConstructor="true" isStatic="false" isGetter="false" isSetter="false">
              <Summary numSequencePoints="6" visitedSequencePoints="6" numBranchPoints="0" visitedBranchPoints="0" sequenceCoverage="100.0" branchCoverage="0" maxCyclomaticComplexity="0" minCyclomaticComplexity="0" maxCrapScore="0" minCrapScore="0" visitedClasses="0" numClasses="0" visitedMethods="1" numMethods="1" />
              <MetadataToken>100663339</MetadataToken>
              <Name>PlayerModel::PlayerModel(System.Int32)</Name>
              <FileRef uid="8" />
              <SequencePoints>
                <SequencePoint vc="13" uspid="451" ordinal="0" offset="0" sl="5" sc="3" el="5" ec="3" bec="0" bev="0" fileid="8" />
                <SequencePoint vc="13" uspid="452" ordinal="0" offset="7" sl="14" sc="3" el="14" ec="3" bec="0" bev="0" fileid="8" />
                <SequencePoint vc="13" uspid="453" ordinal="0" offset="14" sl="14" sc="37" el="14" ec="37" bec="0" bev="0" fileid="8" />
                <SequencePoint vc="13" uspid="454" ordinal="0" offset="15" sl="15" sc="5" el="15" ec="5" bec="0" bev="0" fileid="8" />
                <SequencePoint vc="13" uspid="455" ordinal="0" offset="22" sl="16" sc="5" el="16" ec="5" bec="0" bev="0" fileid="8" />
                <SequencePoint vc="13" uspid="456" ordinal="0" offset="30" sl="17" sc="3" el="17" ec="3" bec="0" bev="0" fileid="8" />
              </SequencePoints>
              <BranchPoints />
            </Method>
          </Methods>
        </Class>
      </Classes>
    </Module>
  </Modules>
</CoverageSession>